Creating base network from scratch.
Creating base network from scratch.
Model compiled with lr=0.0010000000474974513
Starting step 1/10 lr=0.001
Setting top 1 layers of base model trainable
Model compiled with lr=0.0010000000474974513
0	2.2722907901306946	1.7107019609212875
1	1.7120862073947987	1.5099463750422002
2	1.5899456011255582	1.475200684517622
3	1.5877809337278208	1.3529523122310638
4	1.5097256414840619	1.3387097648903727
Summarizing 1
Centroid radius: [1.49, 1.76, 1.71, 1.62, 1.43, 2.02, 1.66, 1.51, 1.41, 1.28, 1.6, 1.41, 1.49, 1.38, 1.57, 1.27, 1.61, 1.49, 1.34, 1.43, 1.84, 1.47, 1.96, 1.37, 1.42, 1.56, 1.33]
Centroid moved: [2.85, 2.69, 2.73, 2.83, 3.05, 2.45, 2.7, 2.94, 2.93, 2.99, 2.68, 2.72, 2.81, 2.83, 2.86, 3.11, 2.97, 3.05, 3.01, 2.77, 2.69, 2.93, 2.6, 2.81, 2.9, 2.89, 3.11]
Accuracy: 0.574
Avg centr rad: 1.53 move: 2.85
Starting step 4/11 lr=8.1e-06
Loading model:models/111/epoch_1.model
Model compiled with lr=9.999999747378752e-06
Starting step 2/11 lr=1e-05
Setting top 999 layers of base model trainable
Model compiled with lr=9.999999747378752e-06
0	1.2890969357949993	0.9695308577409014
1	1.01449468826099	0.8825393515080213
2	0.974932507845418	0.8262657723762095
3	0.8633014156133868	0.7616119021689519
4	0.8224180921157433	0.6670569873857312
Summarizing 2
Centroid radius: [1.48, 1.3, 1.25, 1.38, 1.62, 1.11, 1.21, 1.51, 1.35, 1.45, 1.55, 1.62, 1.45, 1.2, 1.37, 1.46, 1.3, 1.4, 1.81, 1.87, 1.46, 1.25, 1.31, 1.24, 1.49, 2.24, 1.81]
Centroid moved: [0.88, 0.97, 0.87, 0.85, 1.2, 1.0, 0.83, 1.0, 0.72, 1.02, 0.96, 1.16, 0.79, 1.35, 0.92, 1.07, 1.07, 0.88, 1.22, 0.9, 1.11, 1.19, 1.22, 0.91, 0.67, 0.7, 0.97]
Accuracy: 0.703
Avg centr rad: 1.46 move: 0.98
Starting step 3/11 lr=9e-06
0	0.7823837758616233	0.7063350265845656
1	0.6954325151571539	0.622466184264049
2	0.7259637494944036	0.5777793423365801
3	0.6633900761204616	0.5824963660910726
4	0.6324986077878081	0.4932981272228062
Summarizing 3
Centroid radius: [1.32, 1.21, 1.28, 1.1, 1.66, 1.07, 1.15, 1.54, 1.41, 1.27, 1.52, 1.47, 1.5, 1.2, 1.31, 1.36, 1.27, 1.43, 1.7, 1.7, 1.4, 1.08, 1.32, 1.22, 1.43, 2.14, 1.7]
Centroid moved: [0.55, 0.39, 0.77, 0.67, 0.38, 0.57, 0.6, 0.51, 0.62, 0.48, 0.48, 0.52, 0.65, 0.6, 0.56, 0.82, 0.4, 0.55, 0.34, 0.63, 0.7, 0.7, 0.41, 0.46, 0.41, 0.47, 0.53]
Accuracy: 0.750
Avg centr rad: 1.40 move: 0.55
Starting step 4/11 lr=8.1e-06
0	0.6089471749123185	0.5783878730982542
1	0.5512737817137289	0.4321697056182893
2	0.5684865382705659	0.5239441603887827
3	0.549898289480722	0.4773859965056181
4	0.5299079084210098	0.4232874694745988
Summarizing 4
Centroid radius: [1.42, 1.29, 1.22, 1.12, 1.53, 1.15, 1.04, 1.47, 1.46, 1.38, 1.55, 1.35, 1.38, 1.09, 1.32, 1.43, 1.32, 1.54, 1.74, 1.63, 1.32, 1.31, 1.4, 1.17, 1.43, 2.21, 1.6]
Centroid moved: [0.54, 0.45, 0.42, 0.47, 0.36, 0.36, 0.81, 0.5, 0.59, 0.53, 0.53, 0.57, 0.51, 0.47, 0.43, 0.53, 0.75, 0.37, 0.4, 0.4, 0.57, 0.7, 0.69, 0.59, 0.73, 0.39, 0.53]
Accuracy: 0.776
Avg centr rad: 1.40 move: 0.53
Starting step 5/11 lr=7.2900000000000005e-06
0	0.5104722476164655	0.39716420824057425
1	0.4738237502395835	0.3855268798675388
2	0.4902028433031713	0.44167851358652116
3	0.4592416728155998	0.4688717909064144
4	0.45256731983429443	0.5246614895015955
Summarizing 5
Centroid radius: [1.43, 1.17, 1.31, 1.01, 1.39, 1.13, 1.26, 1.55, 1.27, 1.3, 1.55, 1.33, 1.39, 1.01, 1.23, 1.28, 1.31, 1.43, 1.56, 1.49, 1.21, 1.31, 1.37, 1.1, 1.4, 2.15, 1.61]
Centroid moved: [0.51, 0.59, 0.25, 0.26, 0.44, 0.33, 0.7, 0.36, 0.49, 0.38, 0.38, 0.2, 0.31, 0.3, 0.33, 0.39, 0.37, 0.39, 0.42, 0.42, 0.51, 0.3, 0.57, 0.67, 0.69, 0.42, 0.47]
Accuracy: 0.804
Avg centr rad: 1.35 move: 0.42
Starting step 6/11 lr=6.561e-06
0	0.4414104768812346	0.30769325054017826
1	0.4243069649891307	0.3327752168662846
2	0.3813510259083705	0.4662606040760875
3	0.4005387142820594	0.4509799624420702
4	0.4040801769133274	0.3711158020049334
Summarizing 6
Centroid radius: [1.23, 1.21, 1.16, 1.07, 1.55, 0.9, 1.26, 1.35, 1.28, 1.31, 1.42, 1.3, 1.49, 1.0, 1.2, 1.3, 1.25, 1.31, 1.6, 1.43, 1.2, 1.3, 1.36, 1.15, 1.4, 2.13, 1.58]
Centroid moved: [0.43, 0.33, 0.67, 0.52, 0.46, 0.61, 0.56, 0.41, 0.39, 0.3, 0.45, 0.27, 0.59, 0.39, 0.41, 0.41, 0.64, 0.37, 0.25, 0.35, 0.5, 0.37, 0.68, 0.48, 0.51, 0.38, 0.48]
Accuracy: 0.817
Avg centr rad: 1.32 move: 0.45
Starting step 7/11 lr=5.904900000000001e-06
0	0.3945385137994314	0.341758370725438
1	0.3602645333083638	0.3398379752412438
2	0.3427928696842476	0.32519392273388803
3	0.36963368973158744	0.306485592063982
4	0.3652576014306396	0.32274114272091536
Summarizing 7
Centroid radius: [1.13, 1.26, 1.16, 0.97, 1.39, 1.01, 0.99, 1.37, 1.39, 1.27, 1.49, 1.33, 1.38, 1.02, 1.29, 1.16, 1.17, 1.42, 1.55, 1.3, 1.22, 1.31, 1.45, 1.23, 1.51, 1.96, 1.49]
Centroid moved: [0.56, 0.32, 0.34, 0.63, 0.34, 0.26, 0.6, 0.28, 0.43, 0.27, 0.39, 0.3, 0.34, 0.4, 0.37, 0.61, 0.48, 0.42, 0.23, 0.44, 0.46, 0.57, 0.59, 0.34, 0.47, 0.46, 0.42]
Accuracy: 0.830
Avg centr rad: 1.30 move: 0.42
Starting step 8/11 lr=5.314410000000001e-06
0	0.3521598995512613	0.3545203568600118
1	0.31636358493056227	0.3058245876338333
2	0.31173525632040766	0.3012790326960385
3	0.3425127121388505	0.25385465238709004
4	0.3340632915977039	0.27491501736454665
Summarizing 8
Centroid radius: [1.25, 1.31, 1.19, 0.99, 1.39, 0.79, 1.03, 1.41, 1.3, 1.31, 1.32, 1.33, 1.37, 1.09, 1.24, 1.32, 1.2, 1.32, 1.47, 1.23, 1.09, 1.33, 1.33, 1.13, 1.29, 1.93, 1.48]
Centroid moved: [0.4, 0.47, 0.25, 0.23, 0.28, 0.53, 0.53, 0.36, 0.53, 0.37, 0.33, 0.28, 0.3, 0.52, 0.44, 0.56, 0.48, 0.46, 0.36, 0.36, 0.45, 0.55, 0.47, 0.72, 0.45, 0.38, 0.33]
Accuracy: 0.838
Avg centr rad: 1.28 move: 0.42
Starting step 9/11 lr=4.782969000000001e-06
0	0.3323704161415905	0.3017676755273715
1	0.3168342391378246	0.3463446036120877
2	0.30151529997509596	0.28413439986528827
3	0.311684993248006	0.302889151526615
4	0.3139551340799365	0.25098456676118075
Summarizing 9
Centroid radius: [1.25, 1.24, 1.14, 1.05, 1.24, 0.84, 0.91, 1.34, 1.38, 1.19, 1.48, 1.2, 1.27, 1.05, 1.19, 1.29, 1.21, 1.37, 1.56, 1.3, 1.08, 1.35, 1.29, 1.14, 1.36, 1.96, 1.42]
Centroid moved: [0.3, 0.69, 0.27, 0.43, 0.66, 0.36, 0.51, 0.29, 0.4, 0.21, 0.22, 0.41, 0.24, 0.57, 0.36, 0.42, 0.34, 0.33, 0.34, 0.36, 0.38, 0.42, 0.32, 0.66, 0.37, 0.27, 0.42]
Accuracy: 0.846
Avg centr rad: 1.26 move: 0.39
Starting step 10/11 lr=4.3046721000000005e-06
0	0.30781833830706695	0.2591194267943501
1	0.28939336133693966	0.26660311220446603
2	0.2734470478416188	0.26997945012524727
3	0.2937041984253059	0.3134775026794523
4	0.2776631153069127	0.2941243983322056
Summarizing 10
Centroid radius: [1.23, 1.17, 1.11, 0.99, 1.33, 0.84, 1.25, 1.33, 1.32, 1.22, 1.37, 1.36, 1.31, 1.04, 1.06, 1.23, 1.21, 1.34, 1.43, 1.28, 1.06, 1.29, 1.19, 1.17, 1.17, 1.92, 1.54]
Centroid moved: [0.26, 0.31, 0.45, 0.5, 0.41, 0.33, 0.67, 0.34, 0.41, 0.31, 0.39, 0.46, 0.39, 0.41, 0.39, 0.35, 0.48, 0.31, 0.39, 0.24, 0.6, 0.46, 0.58, 0.42, 0.55, 0.26, 0.36]
Accuracy: 0.856
Avg centr rad: 1.25 move: 0.41
Starting step 11/11 lr=3.874204890000001e-06
0	0.2790012175644127	0.28777779058553277
1	0.27452904656548827	0.29900741113349794
2	0.27970188375640037	0.26195922289043666
3	0.2694850266315431	0.24879475167021156
4	0.242594834069799	0.20369264787994326
Summarizing 11
Centroid radius: [1.23, 1.13, 1.12, 1.01, 1.2, 1.01, 1.23, 1.34, 1.23, 1.12, 1.51, 1.14, 1.33, 0.92, 1.16, 1.24, 1.23, 1.29, 1.48, 1.29, 1.02, 1.3, 1.27, 0.95, 1.17, 1.91, 1.45]
Centroid moved: [0.35, 0.54, 0.47, 0.19, 0.42, 0.45, 0.85, 0.32, 0.37, 0.38, 0.37, 0.38, 0.21, 0.23, 0.36, 0.55, 0.48, 0.28, 0.27, 0.39, 0.32, 0.7, 0.49, 0.38, 0.59, 0.41, 0.53]
Accuracy: 0.860
Avg centr rad: 1.23 move: 0.42
Loading model:models/111/epoch_11.model
Model compiled with lr=3.870000000461005e-06
Starting step 12/21 lr=3.87e-06
0	0.24781994646124075	0.19803973916452378
1	0.24495353057126826	0.2521843077149242
2	0.23560336037306115	0.257744296961464
3	0.2456450312549714	0.24767427297309041
4	0.24152456283957388	0.27364494604989886
Summarizing 12
Centroid radius: [1.1, 1.0, 1.1, 0.95, 0.96, 0.99, 1.28, 1.3, 1.33, 1.49, 1.88, 1.17, 1.2, 1.07, 1.04, 1.31, 1.1, 1.3, 1.15, 0.95, 1.36, 1.21, 1.3, 1.15, 1.26, 1.36, 1.31]
Centroid moved: [0.25, 0.26, 0.13, 0.21, 0.14, 0.18, 0.18, 0.38, 0.29, 0.22, 0.25, 0.2, 0.14, 0.47, 0.11, 0.27, 0.26, 0.26, 0.23, 0.39, 0.41, 0.47, 0.31, 0.18, 0.3, 0.13, 0.18]
Accuracy: 0.867
Avg centr rad: 1.21 move: 0.25
Starting step 13/21 lr=3.4830000000000004e-06
0	0.24327913576814655	0.20364210130181162
1	0.228794813650699	0.22921364650595932
2	0.21591568293767827	0.25205855598673227
3	0.23167610216900358	0.23434547384735196
4	0.23884747895567368	0.19159260617569088
Summarizing 13
Centroid radius: [1.08, 1.02, 1.11, 1.01, 0.94, 0.96, 1.26, 1.3, 1.35, 1.41, 1.84, 1.17, 1.19, 1.08, 0.94, 1.3, 1.11, 1.27, 1.15, 0.93, 1.39, 1.21, 1.17, 1.11, 1.24, 1.35, 1.28]
Centroid moved: [0.1, 0.16, 0.12, 0.1, 0.05, 0.1, 0.13, 0.1, 0.13, 0.12, 0.17, 0.16, 0.08, 0.11, 0.09, 0.13, 0.09, 0.19, 0.09, 0.13, 0.12, 0.15, 0.19, 0.1, 0.17, 0.14, 0.13]
Accuracy: 0.873
Avg centr rad: 1.19 move: 0.12
Starting step 14/21 lr=3.1347000000000002e-06
Loading model:models/111/epoch_13.model
Model compiled with lr=4.999999987376214e-07
Starting step 14/23 lr=5e-07
0	0.22630333713512907	0.2118450529873371
1	0.21925428893145485	0.2107508460432291
2	0.22656375269934265	0.22313467681780821
3	0.21699475810169436	0.21350041253492236
4	0.23124204350518995	0.21449976135976612
Summarizing 14
Centroid radius: [1.1, 1.25, 0.99, 1.12, 1.17, 1.17, 1.29, 0.96, 1.08, 1.29, 1.28, 1.85, 1.1, 1.28, 1.14, 1.22, 1.32, 1.39, 0.99, 1.12, 0.94, 1.32, 1.31, 0.92, 1.15, 1.38, 0.97]
Centroid moved: [0.05, 0.07, 0.11, 0.1, 0.05, 0.07, 0.06, 0.09, 0.08, 0.11, 0.13, 0.1, 0.05, 0.08, 0.09, 0.07, 0.06, 0.07, 0.11, 0.07, 0.12, 0.05, 0.06, 0.04, 0.07, 0.06, 0.07]
Accuracy: 0.872
Avg centr rad: 1.19 move: 0.08
Starting step 15/23 lr=4.5e-07
0	0.20348480852946524	0.20299741661176085
1	0.20826091463234964	0.22997779703699053
2	0.23480054767065062	0.1748529659677297
3	0.21461433384761525	0.19761269857175648
4	0.20845967097494092	0.16930410195142032
Summarizing 15
Centroid radius: [1.1, 1.25, 0.98, 1.12, 1.17, 1.15, 1.28, 0.94, 1.08, 1.3, 1.28, 1.85, 1.09, 1.25, 1.13, 1.2, 1.33, 1.37, 1.01, 1.13, 0.93, 1.35, 1.27, 0.93, 1.18, 1.34, 0.94]
Centroid moved: [0.05, 0.06, 0.08, 0.08, 0.1, 0.06, 0.06, 0.05, 0.11, 0.1, 0.11, 0.06, 0.08, 0.11, 0.09, 0.12, 0.07, 0.05, 0.08, 0.04, 0.09, 0.06, 0.07, 0.04, 0.05, 0.09, 0.05]
Accuracy: 0.873
Avg centr rad: 1.18 move: 0.07
Starting step 16/23 lr=4.05e-07
0	0.22394185615198997	0.1396384828398004
1	0.22058407771338048	0.19503474937751888
2	0.21512196698846917	0.2061557449121028
3	0.20134485073482816	0.20590370531426744
4	0.20670645775389856	0.19227025646250695
Summarizing 16
Centroid radius: [1.12, 1.25, 1.0, 1.1, 1.14, 1.14, 1.28, 0.93, 1.1, 1.3, 1.28, 1.84, 1.05, 1.26, 1.09, 1.18, 1.32, 1.38, 1.03, 1.12, 0.93, 1.29, 1.27, 0.92, 1.16, 1.39, 0.96]
Centroid moved: [0.08, 0.07, 0.05, 0.09, 0.06, 0.08, 0.07, 0.07, 0.06, 0.1, 0.11, 0.07, 0.08, 0.09, 0.07, 0.16, 0.09, 0.06, 0.05, 0.04, 0.03, 0.09, 0.08, 0.03, 0.06, 0.11, 0.04]
Accuracy: 0.872
Avg centr rad: 1.18 move: 0.07
Starting step 17/23 lr=3.645e-07
0	0.19397617024551436	0.22875957064330577
1	0.20858503731898964	0.21934519300994
2	0.2093653910731276	0.2041993371443823
3	0.2100424181369302	0.27286188915837556
4	0.21480674354049067	0.20379807418677956
Summarizing 17
Centroid radius: [1.11, 1.25, 0.99, 1.08, 1.12, 1.14, 1.29, 0.92, 1.06, 1.31, 1.29, 1.83, 1.07, 1.25, 1.09, 1.2, 1.33, 1.38, 1.03, 1.12, 0.95, 1.33, 1.28, 0.93, 1.17, 1.36, 0.93]
Centroid moved: [0.09, 0.09, 0.09, 0.08, 0.08, 0.04, 0.09, 0.07, 0.07, 0.11, 0.12, 0.1, 0.08, 0.09, 0.06, 0.1, 0.06, 0.07, 0.08, 0.08, 0.08, 0.07, 0.08, 0.04, 0.06, 0.09, 0.06]
Accuracy: 0.874
Avg centr rad: 1.18 move: 0.08
Starting step 18/23 lr=3.2805000000000003e-07
0	0.18640457628362733	0.21139424341265112
1	0.2130908781204683	0.2111200597975403
2	0.20282856313802766	0.21163294464349747
3	0.19285453348110118	0.2130167681723833
4	0.19639648900018072	0.1800834621852846
Summarizing 18
Centroid radius: [1.13, 1.26, 0.99, 1.1, 1.11, 1.14, 1.29, 0.93, 1.07, 1.29, 1.28, 1.86, 1.08, 1.24, 1.1, 1.18, 1.32, 1.39, 1.02, 1.12, 0.93, 1.33, 1.25, 0.9, 1.16, 1.35, 0.93]
Centroid moved: [0.08, 0.07, 0.09, 0.06, 0.05, 0.04, 0.07, 0.05, 0.05, 0.08, 0.09, 0.08, 0.04, 0.03, 0.04, 0.05, 0.06, 0.06, 0.09, 0.06, 0.06, 0.04, 0.06, 0.03, 0.05, 0.03, 0.03]
Accuracy: 0.873
Avg centr rad: 1.18 move: 0.06
Starting step 19/23 lr=2.95245e-07
0	0.21435689020669088	0.22662555817514657
1	0.1977042901988898	0.21837381413206458
2	0.20955022018334907	0.17427923431620002
3	0.20890972709516065	0.1959798832703382
4	0.21008484441806408	0.17779746348038317
Summarizing 19
Centroid radius: [1.12, 1.24, 1.0, 1.11, 1.13, 1.15, 1.28, 0.94, 1.1, 1.29, 1.27, 1.84, 1.06, 1.24, 1.1, 1.16, 1.32, 1.39, 1.02, 1.11, 0.92, 1.29, 1.26, 0.88, 1.15, 1.37, 0.93]
Centroid moved: [0.08, 0.08, 0.08, 0.09, 0.07, 0.06, 0.07, 0.07, 0.04, 0.11, 0.12, 0.09, 0.07, 0.07, 0.06, 0.09, 0.07, 0.06, 0.07, 0.08, 0.06, 0.06, 0.08, 0.04, 0.05, 0.05, 0.04]
Accuracy: 0.874
Avg centr rad: 1.17 move: 0.07
Starting step 20/23 lr=2.6572050000000004e-07
0	0.21217853228910827	0.20094486977905035
1	0.20339573686787238	0.19515347777865827
2	0.199398058570611	0.18824167171143927
3	0.20304668270866386	0.24229881644016132
4	0.20821023302220662	0.20969348887912928
Summarizing 20
Centroid radius: [1.11, 1.25, 1.0, 1.11, 1.12, 1.15, 1.3, 0.92, 1.07, 1.3, 1.29, 1.85, 1.08, 1.25, 1.1, 1.18, 1.32, 1.39, 1.02, 1.1, 0.92, 1.32, 1.26, 0.88, 1.16, 1.36, 0.93]
Centroid moved: [0.1, 0.11, 0.09, 0.11, 0.07, 0.05, 0.08, 0.09, 0.05, 0.14, 0.14, 0.12, 0.06, 0.05, 0.06, 0.09, 0.07, 0.06, 0.1, 0.09, 0.1, 0.06, 0.07, 0.04, 0.06, 0.06, 0.05]
Accuracy: 0.872
Avg centr rad: 1.18 move: 0.08
Starting step 21/23 lr=2.3914845000000006e-07
0	0.20066127218628632	0.173859997165855
1	0.20848267274646787	0.18486170694231988
2	0.2110989591225128	0.2568977000191808
