Salpida                      84    0    0    2    0    0    0    0    1    3    0    0    0    1    0    0    1    1    1    0    0    1    0    0    0    5    0
Eucalanidae                   0   85    0    0    0    0    0    0    0    0    0    0    0    5    0    0    0    0    0    3    0    0    0    6    0    1    0
Oncaeidae                     0    0   73    0    0    0    0    5    0    0    0    0   18    0    0    0    0    0    1    0    0    0    0    0    0    0    3
Phaeodaria                    0    0    0   95    1    0    0    0    0    0    3    0    0    0    0    1    0    0    0    0    0    0    0    0    0    0    0
Ostracoda                     0    0    1    0   89    0    1    0    0    0    0    0    0    0    0    2    0    0    0    0    0    0    1    0    1    0    5
Noctiluca                     0    0    0    0    0   96    0    0    0    2    0    0    0    0    0    2    0    0    0    0    0    0    0    0    0    0    0
egg__other                    0    0    0    0    1    2   93    0    0    0    0    0    0    0    0    0    0    0    0    0    0    0    1    0    3    0    0
nauplii__Crustacea            0    0    0    0    0    1    1   82    0    0    0    3    4    0    0    0    0    0    1    0    0    0    6    1    0    0    1
tail__Chaetognatha            0    0    0    0    0    0    0    0   70    0    0    0    0    0    6    0    0   24    0    0    0    0    0    0    0    0    0
gonophore__Diphyidae          2    0    0    0    0    2    0    0    0   74    0    0    0    0    0    0    0    1    6    0    0   15    0    0    0    0    0
Foraminifera                  0    0    0    7    0    0    6    0    0    0   69    1    0    0    0    4    0    0    0    0    0    0    0    0   13    0    0
Penilia                       0    0    0    0    0    1    0    1    0    0    0   91    0    1    0    0    2    0    1    0    0    0    0    0    0    0    3
Harpacticoida                 0    0   26    0    0    0    0    4    0    0    0    1   60    0    1    1    0    0    0    2    2    0    1    0    0    2    0
Haloptilus                    0    3    0    0    0    0    0    0    0    0    0    1    0   96    0    0    0    0    0    0    0    0    0    0    0    0    0
Oikopleuridae                 0    1    0    0    0    0    0    0    1    0    0    0    0    0   85    0    6    3    1    0    1    0    0    0    0    2    0
Evadne                        0    0    0    0    1    0    0    0    0    0    4    0    0    0    0   90    0    0    0    0    0    0    4    0    0    0    1
Fritillariidae                0    0    0    0    0    0    0    0    0    0    0    0    0    0   15    0   79    3    1    0    0    0    0    0    0    2    0
tail__Appendicularia          0    0    0    0    2    0    0    0   26    0    0    1    0    0    6    0    2   58    4    0    0    0    0    0    0    0    1
eudoxie__Diphyidae            1    0    0    0    0    0    0    0    0    3    0    2    2    0    0    1    0    1   83    0    1    5    0    0    0    1    0
multiple__Copepoda            1    4    1    0    0    0    0    0    0    0    0    0    2    0    0    1    0    0    2   83    2    0    0    0    0    4    0
zoea__Decapoda                0    0    1    0    0    0    0    0    0    0    0    0    0    0    1    0    0    0    0    2   94    0    0    0    0    2    0
nectophore__Diphyidae         2    0    0    0    0    0    0    0    1   13    0    1    0    0    0    0    0    1    0    0    0   82    0    0    0    0    0
nauplii__Cirripedia           0    0    0    0    0    1    0   12    0    0    0    1    0    0    0   11    0    0    0    0    0    0   74    0    0    0    1
Euchaetidae                   0    6    0    0    0    0    0    0    0    0    0    0    0    1    0    0    0    0    0    1    0    0    0   88    0    0    4
Limacinidae                   0    0    0    0    4    0    5    0    0    0    6    0    0    0    0    1    0    0    0    0    0    0    0    0   84    0    0
multiple__other               7    2    0    0    2    0    1    0    7    0    1    0    0    0    2    0    4    0    2   30    4    1    0    5    0   31    1
Temoridae                     0    1    2    0    0    0    0    2    0    0    0    0    1    0    0    0    0    0    0    0    0    0    3    8    0    1   82
