Salpida                      92    0    0    1    0    0    0    0    0    1    0    0    0    0    0    0    0    1    1    0    0    1    0    0    0    3    0
Eucalanidae                   0   91    0    0    0    0    0    0    0    0    0    0    0    2    0    0    0    0    0    0    0    0    0    5    0    2    0
Oncaeidae                     0    0   83    0    0    0    0    0    0    0    0    0   14    0    0    0    0    0    0    0    0    0    1    0    0    0    2
Phaeodaria                    0    0    0   91    1    0    0    0    0    0    5    0    0    0    0    2    0    0    1    0    0    0    0    0    0    0    0
Ostracoda                     0    0    0    0   96    0    0    0    0    0    0    0    0    0    0    1    0    0    0    0    0    0    0    0    0    2    1
Noctiluca                     0    0    0    0    0   97    0    0    0    3    0    0    0    0    0    0    0    0    0    0    0    0    0    0    0    0    0
egg__other                    1    0    0    0    1    3   94    0    0    0    0    0    0    0    0    0    0    0    0    0    0    0    1    0    0    0    0
nauplii__Crustacea            0    0    1    0    0    0    1   87    0    0    0    0    2    0    0    2    0    0    0    0    0    0    5    0    0    1    1
tail__Chaetognatha            0    0    0    0    0    0    0    0   73    0    0    0    0    0    4    0    0   20    1    0    1    1    0    0    0    0    0
gonophore__Diphyidae          0    0    0    0    0    0    0    0    0   89    0    0    0    0    0    0    0    0    4    0    0    7    0    0    0    0    0
Foraminifera                  0    0    0    5    1    0    8    0    0    0   74    0    0    0    0    2    0    0    0    0    0    0    0    0   10    0    0
Penilia                       0    0    0    0    0    1    0    1    0    0    0   92    0    0    0    0    2    0    0    0    0    0    0    0    0    0    4
Harpacticoida                 0    0   15    0    0    0    0    3    0    0    0    1   72    0    0    0    0    0    0    2    3    1    0    0    0    1    2
Haloptilus                    0    2    0    0    0    0    0    0    0    0    0    0    0   97    0    0    0    0    0    0    0    0    0    0    0    1    0
Oikopleuridae                 0    0    0    0    0    0    0    0    1    0    0    0    0    0   88    0    2    7    0    0    0    0    0    0    0    2    0
Evadne                        0    0    0    0    1    0    0    0    0    0    0    0    0    0    0   94    0    0    0    0    0    0    4    0    0    0    1
Fritillariidae                0    0    0    0    0    0    0    0    0    0    0    0    0    0    6    0   90    2    1    0    0    0    0    0    0    1    0
tail__Appendicularia          0    0    0    0    2    0    0    0   23    0    0    0    0    0    0    0    3   71    1    0    0    0    0    0    0    0    0
eudoxie__Diphyidae            1    0    1    0    0    0    0    2    0    4    0    0    1    0    0    0    0    1   82    0    0    5    0    0    0    3    0
multiple__Copepoda            0    1    0    0    0    0    0    0    0    0    0    0    2    2    0    0    0    0    0   85    3    0    0    1    0    5    1
zoea__Decapoda                0    0    0    0    0    0    0    0    0    0    0    0    0    0    0    0    0    0    0    0   98    0    0    0    0    2    0
nectophore__Diphyidae         2    0    0    0    0    0    0    0    0   12    0    0    0    0    0    0    0    0    2    0    0   84    0    0    0    0    0
nauplii__Cirripedia           0    0    0    0    0    0    0    7    0    0    0    1    0    0    0    2    0    0    0    0    0    0   87    0    2    0    1
Euchaetidae                   0    2    0    0    0    0    0    0    0    0    0    0    0    0    0    0    0    0    0    1    0    0    0   94    0    1    2
Limacinidae                   0    0    0    0    2    0    2    0    0    0    6    0    0    0    0    0    0    0    0    0    0    0    0    0   90    0    0
multiple__other               3    0    1    0    1    0    1    0    8    1    1    0    0    0    1    0    1    0    0   31    1    0    0    2    0   47    1
Temoridae                     0    1    3    0    0    0    0    0    0    0    0    0    0    1    0    0    0    0    0    0    1    0    1    8    0    0   85
