Salpida                      93    0    0    0    0    0    0    0    0    1    0    0    0    0    0    1    0    1    1    0    0    1    0    0    0    2    0
Eucalanidae                   0   88    0    0    0    0    0    0    0    0    0    0    0    1    0    0    0    0    0    2    0    0    0    8    0    1    0
Oncaeidae                     0    0   74    0    0    0    0    1    0    0    0    0   21    0    0    0    0    0    0    1    0    0    0    0    0    0    3
Phaeodaria                    0    0    0   94    0    0    0    0    0    0    4    1    0    0    0    1    0    0    0    0    0    0    0    0    0    0    0
Ostracoda                     0    0    1    0   89    0    2    0    0    0    0    0    0    0    1    2    0    0    0    0    0    0    0    0    2    1    2
Noctiluca                     0    0    0    0    0   98    2    0    0    0    0    0    0    0    0    0    0    0    0    0    0    0    0    0    0    0    0
egg__other                    1    0    0    0    0    2   93    0    0    0    0    0    0    0    0    0    0    0    0    0    0    0    1    0    3    0    0
nauplii__Crustacea            0    0    0    0    0    0    0   84    0    0    0    0    4    0    0    2    0    0    1    0    0    0    5    0    0    2    2
tail__Chaetognatha            0    0    0    0    0    0    0    0   65    0    0    0    0    0    6    0    0   26    0    0    1    0    0    0    0    2    0
gonophore__Diphyidae          0    0    0    0    0    2    0    0    0   78    0    0    0    0    0    0    0    1    5    0    0   14    0    0    0    0    0
Foraminifera                  0    0    0    8    0    0    8    0    0    0   78    0    0    0    0    1    0    0    0    0    0    0    0    0    5    0    0
Penilia                       0    0    0    1    0    1    0    0    0    0    0   89    1    0    0    0    3    0    0    0    0    0    2    0    0    0    3
Harpacticoida                 0    0   25    0    0    0    0    2    0    0    0    2   65    0    1    0    0    0    0    2    2    0    0    0    0    1    0
Haloptilus                    0    3    0    0    0    0    0    0    0    0    0    1    0   95    0    0    0    0    0    0    0    0    0    0    0    1    0
Oikopleuridae                 0    0    0    0    0    0    0    0    1    0    0    0    0    0   87    0    5    5    0    0    0    0    0    0    0    2    0
Evadne                        0    0    0    0    1    0    0    0    0    0    2    1    0    0    0   91    0    0    0    0    0    0    4    0    0    0    1
Fritillariidae                0    0    0    0    0    0    0    0    0    0    0    0    0    0    8    0   90    0    1    0    0    0    0    0    0    1    0
tail__Appendicularia          0    0    1    0    1    0    0    1   23    0    0    0    0    0    2    1    2   67    2    0    0    0    0    0    0    0    0
eudoxie__Diphyidae            1    0    0    0    0    0    0    1    0    2    0    1    2    0    0    0    0    1   86    0    0    4    0    0    0    2    0
multiple__Copepoda            0    1    0    1    0    0    0    0    0    0    0    0    3    1    0    1    0    0    1   83    2    0    0    1    0    6    0
zoea__Decapoda                0    0    0    0    0    0    0    0    0    0    0    0    0    0    0    0    0    0    0    0   97    0    0    0    0    3    0
nectophore__Diphyidae         2    0    0    0    0    0    0    0    2   10    0    0    0    0    0    0    0    0    2    0    0   84    0    0    0    0    0
nauplii__Cirripedia           0    0    0    0    1    1    0    9    0    0    0    0    0    0    0    3    0    0    0    0    0    0   86    0    0    0    0
Euchaetidae                   0    3    0    0    0    0    0    0    0    0    0    0    0    0    0    0    0    0    0    4    0    0    0   92    0    0    1
Limacinidae                   0    0    0    0    2    0    5    0    0    0    8    0    0    0    0    1    0    0    0    0    0    0    0    0   84    0    0
multiple__other               5    0    1    0    1    0    1    0    5    0    1    0    1    0    2    0    1    0    1   30    2    0    0    3    0   46    0
Temoridae                     0    1    2    0    0    0    0    0    0    0    0    0    0    0    0    0    0    0    0    1    2    0    1    7    0    0   86
