Salpida                      82    0    0    2    0    0    0    0    0    4    0    0    0    0    0    0    2    2    1    0    0    2    0    0    0    5    0
Eucalanidae                   0   82    0    0    0    0    0    0    0    0    0    0    0    3    0    0    0    0    0    2    0    0    0   12    0    1    0
Oncaeidae                     0    0   73    0    0    0    0    6    0    0    0    0   17    0    0    0    0    0    0    0    0    0    0    0    0    0    4
Phaeodaria                    0    0    0   93    1    0    0    0    0    0    4    0    0    0    0    1    0    0    1    0    0    0    0    0    0    0    0
Ostracoda                     0    0    1    0   85    0    2    0    0    1    0    0    0    0    0    2    0    0    0    0    0    0    2    0    3    0    4
Noctiluca                     0    0    0    0    0   95    2    0    0    0    0    1    0    0    0    2    0    0    0    0    0    0    0    0    0    0    0
egg__other                    0    0    0    0    0    3   94    0    0    0    0    0    0    0    0    0    0    0    0    0    0    0    1    0    2    0    0
nauplii__Crustacea            0    0    0    0    0    0    1   81    0    0    0    1    4    0    0    2    0    0    0    1    0    0    7    0    0    1    2
tail__Chaetognatha            0    0    0    0    0    0    0    0   69    0    0    0    1    0    6    0    0   23    0    0    0    1    0    0    0    0    0
gonophore__Diphyidae          3    0    0    0    1    1    0    0    0   68    0    0    0    0    0    1    0    1    4    0    0   21    0    0    0    0    0
Foraminifera                  0    0    0    8    0    0    7    0    0    0   69    0    0    0    0    4    0    0    0    0    0    0    0    0   12    0    0
Penilia                       0    0    0    0    0    1    0    2    0    0    0   90    0    0    0    0    2    0    1    0    0    0    0    0    0    0    4
Harpacticoida                 0    0   34    0    0    0    0    7    1    0    0    1   50    0    0    0    0    0    0    3    2    0    0    0    0    0    2
Haloptilus                    0    4    0    0    0    0    0    0    0    0    0    0    0   94    0    0    0    0    0    0    0    0    0    2    0    0    0
Oikopleuridae                 0    0    0    0    0    0    0    0    2    0    0    0    0    0   82    0    7    4    2    1    0    0    0    0    0    2    0
Evadne                        0    0    0    0    3    0    0    1    0    0    3    2    0    0    0   85    0    0    0    0    0    0    6    0    0    0    0
Fritillariidae                0    0    0    0    0    0    0    0    0    0    0    0    0    0   14    0   81    1    2    0    0    0    0    0    0    2    0
tail__Appendicularia          1    0    0    0    2    0    0    0   26    0    0    0    0    0    7    1    2   55    4    0    0    1    0    0    0    0    1
eudoxie__Diphyidae            2    0    0    0    0    0    0    3    0    6    0    3    3    0    0    0    1    0   73    0    1    6    0    0    0    2    0
multiple__Copepoda            1    2    1    0    0    0    0    1    0    0    0    1    4    1    0    1    1    0    2   78    3    0    0    1    0    1    2
zoea__Decapoda                0    0    0    0    0    0    0    0    2    0    1    0    0    0    0    0    0    0    0    5   90    0    0    0    0    2    0
nectophore__Diphyidae         2    0    0    0    0    0    0    0    1   13    0    1    0    0    0    0    0    0    2    0    0   81    0    0    0    0    0
nauplii__Cirripedia           0    0    0    0    1    1    0   13    0    0    1    0    0    0    0    7    0    0    0    0    0    0   76    0    0    0    1
Euchaetidae                   0    6    0    0    0    0    0    0    0    0    0    0    0    0    0    0    0    0    0    2    0    0    0   86    0    0    6
Limacinidae                   0    0    0    0    2    0   12    0    0    0    8    0    0    0    0    1    0    0    0    0    0    0    0    0   77    0    0
multiple__other              10    4    0    0    2    0    1    0   10    0    1    0    1    0    1    0    4    0    2   26    5    0    0    4    0   28    1
Temoridae                     0    1    3    0    0    0    0    6    0    0    0    0    1    0    0    0    0    0    0    0    2    0    2    6    0    0   79
