Salpida                      93    0    0    0    0    0    0    0    0    2    0    0    0    0    0    1    0    1    1    0    0    1    0    0    0    1    0
Eucalanidae                   0   91    0    0    0    0    0    0    0    0    0    0    0    3    0    0    0    0    0    3    0    0    0    3    0    0    0
Oncaeidae                     0    0   75    0    0    0    0    1    0    0    0    0   20    0    0    0    0    0    0    0    0    0    0    0    0    0    4
Phaeodaria                    1    0    0   92    1    0    0    0    0    0    5    0    0    0    0    1    0    0    0    0    0    0    0    0    0    0    0
Ostracoda                     0    0    0    0   92    0    0    0    0    0    0    0    0    0    0    3    0    0    0    0    0    0    1    0    1    2    1
Noctiluca                     0    0    0    0    0   96    3    0    0    0    0    0    0    0    0    1    0    0    0    0    0    0    0    0    0    0    0
egg__other                    1    0    0    0    0    1   95    0    0    0    0    0    0    0    0    0    0    0    0    0    0    0    1    0    2    0    0
nauplii__Crustacea            0    0    1    0    0    0    1   84    0    0    0    0    1    0    0    2    0    0    1    0    0    0    5    0    0    3    2
tail__Chaetognatha            0    0    0    0    0    0    0    0   79    0    0    0    0    0    5    0    0   16    0    0    0    0    0    0    0    0    0
gonophore__Diphyidae          0    0    0    0    0    1    0    0    0   84    0    0    0    0    0    0    0    0    5    0    0   10    0    0    0    0    0
Foraminifera                  0    0    0    6    0    0    6    0    0    0   79    0    0    0    0    1    0    0    0    0    0    0    0    0    8    0    0
Penilia                       0    0    0    0    0    1    0    1    0    0    0   89    0    0    0    2    3    0    0    0    0    0    0    0    0    0    4
Harpacticoida                 0    0   18    0    0    0    0    3    1    0    0    1   71    0    0    1    0    0    0    2    1    0    1    0    0    1    0
Haloptilus                    0    2    0    0    0    0    0    0    0    0    0    1    0   96    0    0    0    0    0    0    0    0    0    0    0    1    0
Oikopleuridae                 0    0    0    0    0    0    0    0    2    0    0    0    0    0   90    0    4    3    0    0    0    0    0    0    0    1    0
Evadne                        0    0    0    0    1    0    0    0    0    0    3    0    0    0    0   92    0    0    0    0    0    0    3    0    0    0    1
Fritillariidae                0    0    0    0    0    0    0    0    0    0    0    0    0    0    7    0   91    2    0    0    0    0    0    0    0    0    0
tail__Appendicularia          0    0    0    0    0    0    0    0   22    0    0    0    0    0    3    1    2   70    2    0    0    0    0    0    0    0    0
eudoxie__Diphyidae            0    0    1    0    0    0    0    1    0    3    0    1    1    0    0    0    1    0   86    0    1    4    0    0    0    1    0
multiple__Copepoda            1    1    0    0    0    0    0    0    0    0    0    0    2    1    0    1    0    0    1   86    1    0    0    0    0    5    1
zoea__Decapoda                0    0    0    0    0    0    0    0    0    0    0    0    1    0    0    0    0    0    0    0   97    0    0    0    0    2    0
nectophore__Diphyidae         2    0    0    0    0    0    0    0    1   11    0    0    0    0    0    0    0    0    1    0    0   85    0    0    0    0    0
nauplii__Cirripedia           0    0    0    0    1    0    0    9    0    0    0    1    0    0    0    1    0    0    0    0    0    0   88    0    0    0    0
Euchaetidae                   0    3    0    0    0    0    0    0    0    0    0    0    0    0    0    0    0    0    0    4    0    0    0   90    0    0    3
Limacinidae                   0    0    0    0    1    0    1    0    0    0    7    0    0    0    0    0    0    0    0    0    0    0    0    0   91    0    0
multiple__other               5    0    1    0    2    0    0    1    6    0    0    0    2    0    5    0    1    0    1   26    1    0    0    1    0   47    1
Temoridae                     0    2    1    0    1    0    0    1    0    0    0    0    1    0    0    0    0    0    0    1    2    0    2    7    0    0   82
