Fritillariidae               92    0    0    0    0    0    0    0    0    0    0    0    0    0    1    0    6    0    0    0    0    0    0    0    0    0    1
Eucalanidae                   0   94    0    3    0    0    0    0    0    0    0    0    0    0    0    0    0    0    0    2    0    0    0    0    1    0    0
egg__other                    0    0   96    0    0    0    0    0    0    0    2    0    0    0    0    0    0    1    0    0    0    0    0    1    0    0    0
Euchaetidae                   0    3    0   94    0    0    0    0    0    0    0    0    0    0    0    1    0    0    0    0    0    0    0    0    2    0    0
Phaeodaria                    0    0    0    0   91    0    0    0    0    0    0    1    0    0    2    0    0    0    0    0    5    0    1    0    0    0    0
zoea__Decapoda                0    0    0    0    0   97    1    0    0    0    0    0    0    0    2    0    0    0    0    0    0    0    0    0    0    0    0
tail__Chaetognatha            0    0    0    0    0    1   74    1    0    0    0    0    0    0    1    0    5    0    0    0    0    0    0    0    0    0   18
nectophore__Diphyidae         0    0    0    0    0    0    0   84    0    2    0    0    0    0    0    0    0    0   12    0    0    0    0    2    0    0    0
nauplii__Crustacea            0    0    1    0    0    0    0    0   88    0    0    0    0    1    1    0    0    5    0    0    0    0    2    0    0    2    0
eudoxie__Diphyidae            1    0    1    0    0    0    0    4    1   82    0    0    0    1    3    0    0    0    5    0    0    0    0    0    0    1    1
Noctiluca                     0    0    1    0    0    0    0    0    0    0   97    0    0    0    0    0    0    0    2    0    0    0    0    0    0    0    0
Ostracoda                     0    0    0    0    0    0    0    0    0    0    0   96    0    0    1    1    0    1    0    0    0    0    0    0    0    0    1
Penilia                       3    0    0    1    0    0    0    0    1    0    1    0   91    0    0    3    0    0    0    0    0    0    0    0    0    0    0
Oncaeidae                     0    0    0    0    0    0    0    0    1    0    0    0    0   81    0    3    0    0    0    0    0    0    0    0    0   15    0
multiple__other               2    0    1    2    0    0    7    0    0    0    0    1    0    1   51    1    1    0    0    0    1    0    0    3   28    1    0
Temoridae                     0    0    0    7    0    0    0    0    0    0    0    0    0    1    0   89    0    1    0    1    0    0    0    0    0    1    0
Oikopleuridae                 2    0    0    0    0    0    1    0    0    0    0    0    0    0    2    0   90    0    0    0    0    0    0    0    0    0    5
nauplii__Cirripedia           0    0    1    0    0    0    0    0   12    0    0    0    0    0    0    0    0   86    0    0    0    0    1    0    0    0    0
gonophore__Diphyidae          0    0    0    0    0    0    0    8    0    3    1    0    0    0    0    0    0    0   88    0    0    0    0    0    0    0    0
Haloptilus                    0    2    0    0    0    0    0    0    0    0    0    0    0    0    1    0    0    0    0   97    0    0    0    0    0    0    0
Foraminifera                  0    0    9    0    6    0    0    0    0    0    0    0    0    0    0    0    0    0    0    0   79    4    2    0    0    0    0
Limacinidae                   0    0    3    0    0    0    0    0    0    0    0    1    0    0    0    0    0    0    0    0    7   89    0    0    0    0    0
Evadne                        0    0    0    0    0    0    0    0    0    0    0    0    0    0    1    1    0    6    0    0    0    0   92    0    0    0    0
Salpida                       0    0    0    0    0    0    0    1    0    1    0    1    0    0    2    0    0    0    1    0    0    0    0   93    0    0    1
multiple__Copepoda            0    1    0    0    0    2    0    1    0    1    0    0    0    1    6    1    0    0    0    1    0    0    0    0   85    1    0
Harpacticoida                 0    0    0    0    0    2    0    0    1    0    0    0    1   16    2    1    0    0    0    0    0    0    0    0    2   75    0
tail__Appendicularia          4    0    0    0    0    0   21    0    0    2    0    2    0    0    0    0    0    0    0    0    0    0    0    0    0    0   71
