Fritillariidae               92    0    0    6    0    0    0    0    0    1    0    0    0    1    0    0    0    0    0    0    0    0    0    0    0    0    0
multiple__Copepoda            0   87    0    0    0    0    0    1    0    0    0    0    0    6    0    0    1    0    0    0    2    0    0    2    0    1    0
Euchaetidae                   0    3   95    0    0    0    0    1    0    0    0    0    0    0    0    0    0    0    0    0    0    0    0    0    0    1    0
Oikopleuridae                 2    0    0   89    0    0    0    0    1    6    0    0    0    2    0    0    0    0    0    0    0    0    0    0    0    0    0
Penilia                       3    0    1    0   91    0    0    3    0    0    0    0    0    0    0    0    0    0    0    0    0    1    1    0    0    0    0
Evadne                        0    0    0    0    0   95    0    1    0    0    1    0    2    1    0    0    0    0    0    0    0    0    0    0    0    0    0
gonophore__Diphyidae          0    0    0    0    0    0   88    0    0    0    0    0    0    0    0    7    3    0    0    0    0    0    2    0    0    0    0
Temoridae                     0    0    5    0    0    0    0   92    0    0    0    1    1    0    0    0    0    0    0    0    0    0    0    0    0    1    0
tail__Chaetognatha            0    0    0    6    0    0    0    0   75   17    0    0    0    1    0    1    0    0    0    0    0    0    0    0    0    0    0
tail__Appendicularia          2    0    0    3    0    0    0    0   23   69    1    0    0    0    0    0    2    0    0    0    0    0    0    0    0    0    0
Ostracoda                     0    0    0    0    0    0    0    1    0    0   97    0    1    1    0    0    0    0    0    0    0    0    0    0    0    0    0
Oncaeidae                     0    0    0    0    0    0    0    3    0    0    0   82    0    0    0    0    0    0    0    0   14    1    0    0    0    0    0
nauplii__Cirripedia           0    0    0    0    0    1    0    1    0    0    0    0   85    0    0    0    0    1    0    0    0   12    0    0    0    0    0
multiple__other               2   27    2    1    0    0    0    1    6    0    1    1    0   54    0    0    0    1    2    0    1    0    0    0    1    0    0
Limacinidae                   0    0    0    0    0    0    0    0    0    0    1    0    0    0   91    0    0    1    0    0    0    0    0    0    7    0    0
nectophore__Diphyidae         0    0    0    0    0    0   13    0    0    0    0    0    0    0    0   83    2    0    2    0    0    0    0    0    0    0    0
eudoxie__Diphyidae            1    0    0    0    0    0    5    0    0    1    0    1    0    2    0    4   84    0    0    0    1    1    0    0    0    0    0
egg__other                    0    0    0    0    0    0    0    0    0    0    0    0    1    0    0    0    0   96    1    0    0    0    2    0    0    0    0
Salpida                       0    0    0    0    0    0    1    0    0    1    1    0    0    2    0    1    1    0   93    0    0    0    0    0    0    0    0
Haloptilus                    0    0    0    0    0    0    0    0    0    0    0    0    0    1    0    0    0    0    0   97    0    0    0    0    0    2    0
Harpacticoida                 0    2    0    0    1    1    0    1    0    0    0   14    0    2    0    0    0    0    0    0   77    1    0    1    0    0    0
nauplii__Crustacea            0    0    0    0    0    2    0    0    0    0    0    1    5    1    0    0    0    1    0    0    2   88    0    0    0    0    0
Noctiluca                     0    0    0    0    0    0    2    0    0    0    0    0    0    0    0    0    0    0    0    0    0    0   98    0    0    0    0
zoea__Decapoda                0    0    0    0    0    0    0    0    0    0    0    0    0    2    0    0    0    0    0    0    0    0    0   98    0    0    0
Foraminifera                  0    0    0    0    0    2    0    0    0    0    1    0    0    0    4    0    0    8    0    0    0    0    0    0   80    0    5
Eucalanidae                   0    1    5    0    0    0    0    0    0    0    0    0    0    0    0    0    0    0    0    2    0    0    0    0    0   92    0
Phaeodaria                    0    0    0    0    0    1    0    0    0    0    1    0    0    1    0    0    0    0    0    0    0    0    0    0    5    0   92
