Salpida                      92    0    0    0    1    0    0    0    0    1    0    0    0    0    2    0    1    1    1    0    0    1    0    0    0    0    0
Eucalanidae                   0   89    0    0    0    0    0    0    0    0    0    0    0    3    0    0    0    0    0    3    0    0    0    4    0    1    0
Oncaeidae                     0    0   75    0    0    0    0    1    0    0    0    0   19    0    0    0    0    0    0    0    0    0    0    0    0    0    5
Phaeodaria                    0    0    0   92    0    0    0    0    0    0    6    0    0    0    0    1    0    0    0    0    0    0    0    0    0    1    0
Ostracoda                     0    0    1    0   91    0    0    0    0    1    0    0    0    0    0    2    0    0    0    0    0    0    1    0    0    1    3
Noctiluca                     0    0    0    0    0   97    1    0    0    1    0    0    0    0    0    1    0    0    0    0    0    0    0    0    0    0    0
egg__other                    0    0    0    0    0    2   96    0    0    0    0    0    0    0    0    0    0    0    0    0    0    0    1    0    1    0    0
nauplii__Crustacea            0    0    1    0    0    0    1   84    0    0    0    0    3    0    0    2    0    0    0    0    0    0    7    0    0    1    1
tail__Chaetognatha            0    0    0    0    0    0    0    0   71    0    0    0    0    0    5    0    0   21    0    0    1    1    0    0    0    1    0
gonophore__Diphyidae          0    0    0    0    0    2    0    0    0   84    0    0    0    0    0    0    0    1    4    0    0    9    0    0    0    0    0
Foraminifera                  0    0    0    6    2    0    7    0    0    0   76    0    0    0    0    2    0    0    0    0    0    0    0    0    7    0    0
Penilia                       1    0    0    0    0    1    0    1    0    0    0   92    0    0    0    0    2    0    0    0    0    0    0    0    0    0    3
Harpacticoida                 0    0   19    0    0    0    0    2    0    0    0    1   73    0    0    0    0    0    0    1    0    0    0    0    0    4    0
Haloptilus                    0    1    0    0    0    0    0    0    0    0    0    0    0   98    0    0    0    0    0    0    0    0    0    0    0    1    0
Oikopleuridae                 0    0    0    0    0    0    0    0    1    0    0    0    0    0   89    0    4    4    0    0    0    0    0    0    0    2    0
Evadne                        0    0    0    0    1    0    0    0    0    0    3    0    0    0    0   91    0    0    0    0    0    0    4    0    0    0    1
Fritillariidae                0    0    0    0    0    0    0    0    0    0    0    0    0    0    8    0   88    0    3    0    0    0    0    0    0    1    0
tail__Appendicularia          0    0    0    0    2    0    0    0   21    0    0    0    0    0    3    0    4   68    2    0    0    0    0    0    0    0    0
eudoxie__Diphyidae            1    0    1    0    0    0    0    0    0    6    0    1    1    0    0    0    1    0   82    0    1    4    0    0    0    2    0
multiple__Copepoda            0    1    0    0    0    0    0    0    0    0    0    1    4    0    0    0    0    0    1   85    1    0    0    0    0    6    1
zoea__Decapoda                0    0    0    0    0    0    0    0    1    0    0    0    0    0    0    0    0    0    0    0   95    0    0    0    0    4    0
nectophore__Diphyidae         1    0    0    0    0    0    0    0    1   12    0    0    0    0    0    0    0    0    2    0    0   83    0    0    0    1    0
nauplii__Cirripedia           0    0    0    0    1    1    0    9    0    0    0    0    0    0    0    1    0    0    0    0    0    0   87    0    0    0    1
Euchaetidae                   0    4    0    0    0    0    0    0    0    0    0    0    0    0    0    0    0    0    0    3    0    0    0   89    0    0    4
Limacinidae                   0    0    0    0    5    0    8    0    0    0    5    0    0    0    0    1    0    0    0    0    0    0    0    0   81    0    0
multiple__other               5    1    1    0    1    0    1    0    5    0    1    1    2    0    3    0    1    0    0   27    1    0    0    3    0   47    0
Temoridae                     0    1    1    0    0    0    0    1    0    0    0    0    0    0    0    0    0    0    0    0    1    0    1    5    0    0   90
