Salpida                      89    0    0    1    0    0    0    0    1    1    0    0    0    0    1    1    0    0    1    0    0    2    0    0    0    3    0
Eucalanidae                   0   90    0    0    0    0    0    0    0    0    0    0    0    2    0    0    0    0    0    2    0    0    0    6    0    0    0
Oncaeidae                     0    0   77    0    0    0    0    1    0    0    0    0   17    0    0    0    0    0    0    0    0    0    0    0    0    0    5
Phaeodaria                    0    0    0   96    0    0    0    0    0    0    3    0    0    0    0    1    0    0    0    0    0    0    0    0    0    0    0
Ostracoda                     0    0    1    0   85    0    0    0    0    1    0    0    0    0    0    1    0    0    0    0    0    0    3    0    4    0    5
Noctiluca                     0    0    0    0    0   98    0    0    0    1    0    0    0    0    0    1    0    0    0    0    0    0    0    0    0    0    0
egg__other                    0    0    0    0    1    2   89    0    0    0    2    0    0    0    0    0    0    0    0    0    0    0    1    0    5    0    0
nauplii__Crustacea            0    0    1    0    0    0    1   84    0    0    0    0    5    0    0    1    0    0    0    0    0    0    5    0    0    1    2
tail__Chaetognatha            0    0    0    0    0    0    0    0   65    0    0    0    0    0    7    0    0   25    0    0    2    0    0    0    0    1    0
gonophore__Diphyidae          4    0    0    0    0    2    0    0    0   73    0    0    0    0    0    0    0    1    3    0    0   17    0    0    0    0    0
Foraminifera                  0    0    0    7    0    0    6    1    0    0   79    0    0    0    0    2    0    0    0    0    0    0    1    0    4    0    0
Penilia                       0    0    0    0    0    1    0    1    0    0    0   88    0    1    0    0    2    1    0    0    0    0    1    0    0    0    5
Harpacticoida                 0    0   23    0    0    0    0    6    2    0    0    1   61    0    0    1    0    0    0    2    2    0    0    0    0    1    1
Haloptilus                    0    1    0    0    0    0    0    0    0    0    0    0    0   99    0    0    0    0    0    0    0    0    0    0    0    0    0
Oikopleuridae                 0    0    0    0    0    0    0    0    1    0    0    0    0    0   85    0    3    8    1    0    0    0    0    0    0    1    1
Evadne                        0    0    0    0    0    0    0    0    0    0    1    2    0    0    0   90    0    0    0    0    0    0    6    0    0    0    1
Fritillariidae                1    0    0    0    0    0    0    0    0    0    0    0    0    0   10    0   84    4    1    0    0    0    0    0    0    0    0
tail__Appendicularia          0    0    1    0    1    0    0    0   25    0    0    0    0    0    2    0    3   64    2    0    0    0    1    0    0    0    1
eudoxie__Diphyidae            2    0    0    0    0    0    0    0    0    7    0    1    2    0    0    0    1    1   78    0    1    5    0    0    0    2    0
multiple__Copepoda            1    2    0    0    0    0    0    0    0    0    0    0    3    1    0    1    1    0    1   86    2    0    0    0    0    1    1
zoea__Decapoda                0    0    0    0    0    0    0    0    1    0    0    0    0    0    0    0    0    0    0    1   94    0    0    0    0    3    1
nectophore__Diphyidae         3    0    0    0    0    0    0    0    1   18    0    1    0    0    0    0    0    0    0    0    0   77    0    0    0    0    0
nauplii__Cirripedia           0    0    0    0    1    1    0   12    0    0    0    0    0    0    0    7    0    0    0    0    0    0   78    0    0    0    1
Euchaetidae                   0    3    0    0    0    0    0    0    0    0    0    0    0    0    0    0    0    0    0    4    0    0    0   91    0    0    2
Limacinidae                   0    0    0    0    4    0    1    0    0    0   11    0    0    0    0    0    0    0    0    0    0    0    1    0   83    0    0
multiple__other               7    0    1    0    2    0    1    0    5    0    1    0    1    0    2    0    4    2    2   23    2    1    0    5    0   40    1
Temoridae                     0    2    2    0    0    0    0    4    0    0    0    0    0    0    0    0    0    0    0    0    3    0    1    5    0    0   83
