Salpida                      80    0    0    1    3    3    1    4    0    0    0    0    0    0    0    0    0    2    1    0    2    0    2    0    0    1    0
Temoridae                     0   33    5    0    0    0    1    1    0    1   15    1    0    0   11   16    3    0    0    1    0    5    0    0    0    0    7
Ostracoda                     0    9   60    0    0    0    0    0    0    0    1    0    0   10    1    4    1    0    1    8    1    0    0    1    0    1    2
tail__Appendicularia          0    2    2   35    3    0    0    4   32   17    0    1    0    0    1    0    0    0    0    0    0    2    0    0    0    0    1
nectophore__Diphyidae         4    0    0    3   65    3    0    1    3    1    0    0    0    0    0    0    0    0    1    0   19    0    0    0    0    0    0
multiple__other              15    5    3    0    0   16    0    3    6    3    1    0    1    0    8    8   10    5    3    0    0    4    4    1    2    1    1
Penilia                       1    5    0    0    0    1   72    3    0    0    2    1    0    0    1    1    2    1    0    0    0    1    5    0    4    0    0
Fritillariidae                5    0    0    1    0    1    3   65    3   16    0    0    0    0    1    0    1    0    0    0    2    0    1    0    1    0    0
tail__Chaetognatha            0    0    0   16    0    1    0    1   65   12    0    0    0    0    2    0    0    0    1    0    0    1    0    1    0    0    0
Oikopleuridae                 0    1    0    4    0    0    0   11   11   63    0    0    0    0    2    0    0    0    2    0    0    1    3    1    1    0    0
nauplii__Crustacea            0    4    1    0    0    1    3    0    0    0   57    6    0    1    0    0    0    0    0   11    0    8    1    0    0    0    7
Evadne                        0    0    0    0    0    0    2    0    0    0   11   55    4    1    0    0    0    0    0   22    0    0    1    2    0    0    2
Foraminifera                  0    1    1    0    0    0    0    0    0    0    1    2   58   22    0    0    0    0    0    4    0    0    0    5    0    6    0
Limacinidae                   0    0    3    0    0    2    0    0    0    0    0    0   21   48    0    0    0    0    0    3    1    0    0   20    2    0    0
zoea__Decapoda                1    6    1    0    0    6    0    1    0    3    0    0    0    0   57    6   10    1    5    0    0    0    1    0    0    0    2
Euchaetidae                   0    5    0    0    0    0    0    0    0    0    0    0    0    0    3   68    8    2   14    0    0    0    0    0    0    0    0
multiple__Copepoda            2    2    0    0    0    9    2    3    0    0    2    0    0    0   13   20   20    3    8    0    0    8    3    0    0    0    5
Haloptilus                    4    1    0    0    1    2    3    0    0    0    0    0    0    0    0    5    1   76    7    0    0    0    0    0    0    0    0
Eucalanidae                   0    0    0    0    0    3    2    0    0    0    0    0    0    0    1   18    1    3   72    0    0    0    0    0    0    0    0
nauplii__Cirripedia           0    0    2    0    0    0    0    0    0    0   11   17    6    0    0    0    0    0    0   61    0    1    1    1    0    0    0
gonophore__Diphyidae          3    0    0    1   27    1    3    3    0    0    0    0    0    0    0    0    0    2    0    0   52    0    3    0    5    0    0
Harpacticoida                 0    2    1    0    0    1    1    1    2    0   12    2    1    0    3    1    0    0    1    2    0   36    0    0    0    0   34
eudoxie__Diphyidae            6    1    1    0    6    4    2    9    0    0    5    1    1    0    1    0    4    1    0    1   11    8   32    1    2    2    1
egg__other                    1    0    0    0    0    0    0    0    0    0    1    0    8   11    0    0    0    0    0    2    0    0    1   71    5    0    0
Noctiluca                     0    0    0    0    0    0    1    1    0    0    0    0    0    0    0    0    0    0    0    0    0    0    2    2   94    0    0
Phaeodaria                    0    0    0    0    0    0    8    0    0    0    1    1    9    0    1    0    0    1    0    0    0    1    0    0    1   77    0
Oncaeidae                     0    6    3    0    0    0    0    0    0    0    5    0    1    0    1    0    1    0    0    2    0   18    0    0    0    0   63
