Salpida                      81    0    0    1    0    0    0    0    1    2    0    0    0    2    0    0    3    1    5    0    0    2    0    0    0    2    0
Eucalanidae                   0   79    0    0    0    0    0    0    0    0    0    2    0    5    0    0    0    0    0    2    0    0    0   12    0    0    0
Oncaeidae                     0    0   73    0    0    0    0    8    0    0    0    0   15    0    0    0    0    0    0    0    0    0    0    0    0    0    4
Phaeodaria                    0    0    0   85    0    1    0    0    0    0    5    5    0    1    0    2    0    0    0    0    0    0    0    0    0    1    0
Ostracoda                     0    0    2    0   78    0    0    0    0    1    1    0    0    0    0    2    0    0    0    0    1    0    2    0    8    0    5
Noctiluca                     0    0    0    0    0   95    2    1    0    0    0    0    0    0    0    1    0    0    1    0    0    0    0    0    0    0    0
egg__other                    0    0    0    0    0    3   81    0    0    0    0    0    0    0    1    0    1    0    0    0    0    0    1    0   13    0    0
nauplii__Crustacea            0    0    4    0    0    1    1   70    0    0    0    2    8    0    0    1    0    0    0    0    1    0    8    0    1    0    3
tail__Chaetognatha            0    0    0    0    0    0    1    0   60    0    0    0    1    0    8    0    0   29    0    0    0    0    0    0    0    1    0
gonophore__Diphyidae          2    0    0    0    0    3    0    0    0   60    0    1    0    0    0    0    2    1    4    1    0   25    0    0    0    1    0
Foraminifera                  0    0    0    9    1    1    6    0    0    0   72    0    0    0    0    3    0    0    0    0    0    0    2    0    6    0    0
Penilia                       0    0    0    1    0    1    0    2    0    1    0   86    0    1    0    1    1    1    1    0    0    0    0    1    0    0    3
Harpacticoida                 0    0   32    0    0    0    0   12    0    0    0    1   46    0    1    0    0    1    0    2    1    0    2    0    0    2    0
Haloptilus                    0    4    0    0    0    0    0    0    0    0    0    1    0   92    0    0    0    0    0    0    0    0    0    2    0    1    0
Oikopleuridae                 0    0    0    0    0    0    0    0    4    0    0    0    0    0   73    0   11    7    0    0    1    0    0    0    0    3    1
Evadne                        0    0    1    0    2    0    0    3    0    0    3    2    0    0    0   71    0    0    1    0    0    0   16    0    1    0    0
Fritillariidae                1    0    0    0    0    0    0    0    1    0    0    0    0    0   18    0   72    2    3    0    0    0    0    0    0    3    0
tail__Appendicularia          0    0    0    0    3    0    0    0   21    0    0    0    0    0    8    0    2   61    3    0    0    0    1    0    0    0    1
eudoxie__Diphyidae            3    0    1    0    0    0    0    2    0   11    0    3    2    0    1    1    5    1   61    1    1    6    0    0    0    1    0
multiple__Copepoda            0    4    0    0    0    0    0    0    0    0    0    2    6    3    0    0    1    0    2   50    7    1    0   11    0   11    2
zoea__Decapoda                0    1    0    1    0    0    0    0    0    0    0    0    0    0    0    0    0    0    0    5   84    0    0    1    0    4    4
nectophore__Diphyidae         7    0    0    0    0    0    0    0    1   11    0    0    0    0    0    0    0    1    2    0    0   78    0    0    0    0    0
nauplii__Cirripedia           0    0    0    0    1    1    1   10    0    0    1    0    0    0    0   11    0    0    0    0    0    0   75    0    0    0    0
Euchaetidae                   0    8    0    0    0    0    0    0    0    0    0    1    0    1    0    0    0    0    0    6    1    0    0   77    0    1    5
Limacinidae                   1    0    0    0    6    1   15    0    0    0   19    0    0    0    0    1    0    0    0    0    0    0    0    0   56    1    0
multiple__other              12    3    0    0    2    0    1    0    6    0    1    0    2    2    3    0    6    0   10   16    3    0    0    5    0   26    2
Temoridae                     0    1    9    0    4    0    0   10    0    0    0    1    3    0    0    0    0    0    0    1    4    0    3    9    0    0   55
