Salpida                      88    0    0    1    0    0    0    0    1    2    0    0    0    0    0    0    2    1    4    0    0    1    0    0    0    0    0
Eucalanidae                   0   85    0    0    0    0    0    0    0    0    0    0    0    5    0    0    0    0    0    1    0    0    0    8    0    1    0
Oncaeidae                     0    0   72    0    0    0    0    6    0    0    0    0   17    0    0    0    0    0    1    0    0    0    1    0    0    0    3
Phaeodaria                    0    0    0   93    0    1    0    0    0    0    3    1    0    0    0    1    0    0    0    0    0    0    0    0    0    1    0
Ostracoda                     0    0    1    0   82    0    0    0    0    1    0    0    0    0    0    1    0    0    0    0    0    0    5    1    4    0    5
Noctiluca                     0    0    0    0    0   95    1    0    0    1    0    1    0    0    0    2    0    0    0    0    0    0    0    0    0    0    0
egg__other                    0    0    0    0    1    3   87    0    0    0    1    0    0    0    1    0    1    0    0    0    0    0    1    0    5    0    0
nauplii__Crustacea            0    0    1    0    0    1    0   79    0    0    0    1    5    0    0    1    0    0    0    0    1    0    9    0    1    0    1
tail__Chaetognatha            1    0    0    0    0    0    0    0   70    0    0    0    1    0    5    0    0   21    0    0    0    1    0    0    0    1    0
gonophore__Diphyidae          4    0    0    0    0    2    0    0    0   63    0    0    0    0    0    0    0    1    4    0    0   26    0    0    0    0    0
Foraminifera                  0    0    0    9    1    0    6    0    0    0   69    0    0    0    0    3    0    0    0    0    0    0    2    0   10    0    0
Penilia                       0    0    0    0    0    1    0    2    0    0    0   89    0    0    0    0    2    0    2    0    0    0    0    0    0    0    4
Harpacticoida                 0    0   39    0    0    0    0   11    0    0    0    1   39    0    1    0    0    1    0    3    1    0    2    0    0    1    1
Haloptilus                    1    4    0    0    0    0    0    0    0    0    0    1    0   92    0    0    0    0    0    1    0    0    0    1    0    0    0
Oikopleuridae                 0    0    0    0    0    0    0    0    4    0    0    0    0    0   80    0    8    3    0    0    0    0    0    0    0    5    0
Evadne                        0    0    0    1    0    0    0    1    0    0    1    1    0    0    0   81    0    0    1    0    0    0   13    0    1    0    0
Fritillariidae                0    0    0    0    0    0    0    0    0    0    0    0    0    0   14    0   79    3    2    0    0    0    0    0    0    2    0
tail__Appendicularia          0    0    0    0    3    0    0    0   27    0    0    0    0    0    5    1    1   60    2    0    0    0    0    0    0    0    1
eudoxie__Diphyidae            3    0    0    0    0    0    0    1    0    7    0    2    2    0    2    1    3    1   68    0    0    5    0    0    0    5    0
multiple__Copepoda            0    4    0    0    0    0    0    2    0    0    0    1    2    3    0    1    0    0    1   68    2    0    0    5    0    8    3
zoea__Decapoda                0    1    0    1    0    0    0    0    0    0    0    0    1    0    0    0    0    0    0    3   87    0    0    0    0    6    1
nectophore__Diphyidae         5    0    0    0    0    0    0    0    1   13    0    0    0    0    0    0    0    0    2    0    0   78    0    0    0    1    0
nauplii__Cirripedia           0    0    0    0    0    1    1   10    0    0    1    0    0    0    0   13    0    0    0    0    0    0   73    0    0    0    1
Euchaetidae                   0    8    0    0    0    0    0    0    0    0    0    0    0    1    0    0    0    0    0    4    1    0    0   82    0    0    4
Limacinidae                   0    0    0    0    1    1   10    0    0    0   14    0    0    0    0    0    0    0    0    0    0    0    1    0   72    1    0
multiple__other              11    3    0    0    1    0    2    0    6    0    1    0    0    0    2    0    2    0    6   25    5    2    0    4    0   29    1
Temoridae                     0    2    8    0    0    0    0    9    0    0    0    0    2    0    0    0    0    0    0    0    1    0    3   11    0    0   64
