Salpida                      92    0    0    1    0    0    1    0    1    1    0    0    0    0    1    0    0    0    1    0    0    1    0    0    0    1    0
Eucalanidae                   0   88    0    0    0    0    0    0    0    0    0    0    0    3    0    0    0    0    0    1    0    0    0    7    0    1    0
Oncaeidae                     0    0   75    0    0    0    0    2    0    0    0    0   20    0    0    0    0    0    0    0    0    0    0    0    0    0    3
Phaeodaria                    0    0    0   94    1    0    0    0    0    0    3    0    0    0    0    1    0    0    0    0    0    0    0    0    0    1    0
Ostracoda                     0    0    0    0   92    0    1    0    0    0    0    0    0    0    0    3    0    0    0    0    0    0    1    0    0    0    3
Noctiluca                     0    0    0    0    0   96    0    0    0    2    0    0    0    0    0    2    0    0    0    0    0    0    0    0    0    0    0
egg__other                    0    0    0    0    0    2   95    0    0    0    0    0    0    0    0    0    0    0    0    0    0    0    1    0    2    0    0
nauplii__Crustacea            0    0    1    0    0    0    1   86    0    0    0    0    2    0    0    3    0    0    0    0    0    0    6    0    0    0    1
tail__Chaetognatha            0    0    0    0    0    0    0    0   64    0    0    0    0    0    3    0    0   30    1    0    1    0    0    0    0    1    0
gonophore__Diphyidae          1    0    0    0    0    2    0    0    0   77    0    0    0    0    0    0    0    0    6    0    0   14    0    0    0    0    0
Foraminifera                  0    0    0    6    1    0    7    0    0    0   75    0    0    0    0    4    0    0    0    0    0    0    1    0    6    0    0
Penilia                       0    0    0    0    0    1    0    0    0    0    0   89    0    0    0    0    3    0    0    0    0    0    1    0    0    0    6
Harpacticoida                 0    0   23    0    0    0    0    4    1    0    0    1   64    0    1    1    0    0    0    2    0    0    0    0    0    2    1
Haloptilus                    1    2    0    0    0    0    0    0    0    0    0    0    0   96    0    0    0    0    0    0    0    0    0    0    0    1    0
Oikopleuridae                 0    0    0    0    0    0    0    0    1    0    0    0    0    0   84    0    5    7    0    1    0    0    0    0    0    2    0
Evadne                        0    0    0    0    1    0    0    0    0    0    1    0    0    0    0   94    0    0    0    0    0    0    3    0    0    0    1
Fritillariidae                0    0    0    0    0    0    0    0    0    0    0    0    0    0    6    0   90    1    1    0    0    0    0    0    0    2    0
tail__Appendicularia          0    0    0    0    2    0    0    0   23    0    0    0    0    0    2    1    3   67    1    0    0    0    0    0    0    0    1
eudoxie__Diphyidae            2    0    0    0    0    0    0    2    0    5    0    1    2    0    0    0    0    1   79    1    0    5    0    0    0    2    0
multiple__Copepoda            2    1    0    0    0    0    0    0    0    0    0    0    2    0    0    1    0    0    1   88    2    0    0    0    0    3    0
zoea__Decapoda                0    0    0    0    0    0    0    0    0    0    0    0    0    0    0    0    0    0    0    1   97    0    0    0    0    2    0
nectophore__Diphyidae         5    0    0    0    0    0    0    0    0   11    0    0    0    0    0    0    0    0    1    0    0   83    0    0    0    0    0
nauplii__Cirripedia           0    0    0    0    1    0    0   16    0    0    0    1    0    0    0    9    0    0    0    0    0    0   72    0    0    0    1
Euchaetidae                   0    2    0    0    0    0    0    0    0    0    0    0    0    0    0    0    0    0    0    3    0    0    0   90    0    0    5
Limacinidae                   0    0    0    0    3    0    2    0    0    0   11    0    0    0    0    1    0    0    0    0    0    0    1    0   82    0    0
multiple__other               4    0    1    0    2    0    1    0    5    0    1    0    1    0    1    0    3    1    1   30    1    0    0    5    0   43    0
Temoridae                     0    1    1    0    0    0    0    1    0    0    0    0    0    0    0    0    0    0    0    0    1    0    0    6    0    1   89
