Fritillariidae               93    0    0    0    0    0    0    0    0    0    0    0    0    0    1    0    5    0    0    0    0    0    0    0    0    0    1
Eucalanidae                   0   93    0    3    0    0    0    0    0    0    0    0    0    0    1    0    0    0    0    2    0    0    0    0    1    0    0
egg__other                    0    0   96    0    0    0    0    0    0    0    2    0    0    0    0    0    0    1    0    0    0    0    0    1    0    0    0
Euchaetidae                   0    3    0   93    0    0    0    0    0    0    0    0    0    0    0    1    0    0    0    0    0    0    0    0    3    0    0
Phaeodaria                    0    0    0    0   91    0    0    0    0    0    0    1    0    0    2    0    0    0    0    0    5    0    1    0    0    0    0
zoea__Decapoda                0    0    0    0    0   97    1    0    0    0    0    0    0    0    2    0    0    0    0    0    0    0    0    0    0    0    0
tail__Chaetognatha            1    0    0    0    0    0   75    1    0    0    0    0    0    0    1    0    5    0    0    0    0    0    0    0    0    0   17
nectophore__Diphyidae         0    0    0    0    0    0    0   86    0    1    0    0    0    0    0    0    0    0   11    0    0    0    0    2    0    0    0
nauplii__Crustacea            0    0    1    0    0    0    0    0   88    0    0    0    0    1    1    0    0    5    0    0    0    0    2    0    0    2    0
eudoxie__Diphyidae            1    0    0    0    0    0    0    4    1   85    0    0    0    1    2    0    0    0    4    0    0    0    0    0    0    1    1
Noctiluca                     0    0    0    0    0    0    0    0    0    0   98    0    0    0    0    0    0    0    2    0    0    0    0    0    0    0    0
Ostracoda                     0    0    0    0    0    0    0    0    0    0    0   95    0    0    1    1    0    1    1    0    0    0    0    0    0    0    1
Penilia                       3    0    0    1    0    0    0    0    1    0    1    0   91    0    0    3    0    0    0    0    0    0    0    0    0    0    0
Oncaeidae                     0    0    0    0    0    0    0    0    1    0    0    0    0   82    0    2    0    0    0    0    0    0    0    0    0   15    0
multiple__other               2    0    1    2    0    0    7    0    0    0    0    1    0    1   54    0    1    0    0    0    1    0    0    2   27    1    0
Temoridae                     0    1    0    5    0    0    0    0    0    0    0    0    0    1    0   93    0    0    0    0    0    0    0    0    0    0    0
Oikopleuridae                 2    0    0    0    0    0    1    0    0    0    0    0    0    0    2    0   89    0    0    0    0    0    0    0    0    0    6
nauplii__Cirripedia           0    0    1    0    0    0    0    0   11    0    0    0    0    0    0    1    0   86    0    0    0    0    1    0    0    0    0
gonophore__Diphyidae          0    0    0    0    0    0    0    8    0    3    2    0    0    0    0    0    0    0   87    0    0    0    0    0    0    0    0
Haloptilus                    0    2    0    0    0    0    0    0    0    0    0    0    0    0    1    0    0    0    0   97    0    0    0    0    0    0    0
Foraminifera                  0    0    9    0    5    0    0    0    0    0    0    1    0    0    0    0    0    0    0    0   78    5    2    0    0    0    0
Limacinidae                   0    0    1    0    0    0    0    0    0    0    0    1    0    0    0    0    0    0    0    0    7   91    0    0    0    0    0
Evadne                        0    0    0    0    0    0    0    0    0    0    0    0    0    0    1    1    0    2    0    0    0    0   96    0    0    0    0
Salpida                       0    0    0    0    0    0    0    1    0    1    0    1    0    0    2    0    0    0    1    0    0    0    0   93    0    0    1
multiple__Copepoda            0    1    0    0    0    2    0    1    0    1    0    0    0    0    8    1    0    0    0    0    0    0    0    0   84    2    0
Harpacticoida                 0    0    0    0    0    2    0    1    1    0    0    0    1   16    2    1    0    0    0    0    0    0    0    0    2   74    0
tail__Appendicularia          3    0    0    0    0    0   21    0    0    2    0    1    0    0    0    0    1    0    0    0    0    0    1    0    0    0   71
