Salpida                     r=1.229   0.000  3.785  5.198  4.041  4.407  4.061  4.245  5.111  4.102  2.845  4.570  4.286  4.905  3.614  3.531  5.220  3.433  4.089  3.020  3.260  4.533  2.797  5.576  4.411  4.804  2.421  4.812
Eucalanidae                 r=1.214   3.785  0.000  4.751  5.369  4.191  5.461  5.062  4.337  4.216  4.490  5.453  4.260  4.516  2.790  4.737  5.310  4.960  4.438  4.523  3.112  4.290  4.270  4.884  2.131  5.256  3.116  3.311
Oncaeidae                   r=1.164   5.198  4.751  0.000  5.207  3.661  5.576  5.172  3.212  4.419  4.652  4.628  4.564  0.882  5.527  4.836  4.183  4.973  4.499  4.122  3.809  3.906  4.597  3.626  4.310  4.195  3.706  3.039
Phaeodaria                  r=1.068   4.041  5.369  5.207  0.000  4.180  3.860  3.794  4.912  5.331  4.310  2.602  3.568  5.057  4.652  4.468  3.538  3.982  5.118  4.181  4.380  4.374  4.700  4.460  5.020  3.781  3.750  4.690
Ostracoda                   r=1.555   4.407  4.191  3.661  4.180  0.000  4.392  3.538  3.777  4.671  3.827  3.585  4.308  3.845  4.892  4.763  3.635  5.039  4.582  4.175  4.266  4.226  4.147  3.584  3.608  2.761  3.745  3.063
Noctiluca                   r=0.899   4.061  5.461  5.576  3.860  4.392  0.000  3.203  4.417  5.247  3.600  4.174  3.983  5.328  4.831  4.848  3.575  4.359  4.978  3.816  5.223  5.557  4.090  4.173  5.620  4.387  4.469  5.482
egg__other                  r=1.256   4.245  5.062  5.172  3.794  3.538  3.203  0.000  4.239  4.677  4.376  2.668  4.842  5.081  5.224  4.154  3.968  4.245  4.504  4.196  4.735  4.356  4.766  4.213  4.985  2.513  3.952  4.737
nauplii__Crustacea          r=1.351   5.111  4.337  3.212  4.912  3.777  4.417  4.239  0.000  4.177  4.658  4.417  3.770  2.831  5.003  4.514  3.080  4.436  4.143  3.811  3.813  3.799  4.823  1.818  4.164  4.108  3.606  3.211
tail__Chaetognatha          r=1.277   4.102  4.216  4.419  5.331  4.671  5.247  4.677  4.177  0.000  4.312  4.898  4.829  4.169  4.571  2.359  4.897  3.085  0.812  3.645  4.158  3.907  4.039  4.785  4.748  4.805  3.354  4.276
gonophore__Diphyidae        r=1.312   2.845  4.490  4.652  4.310  3.827  3.600  4.376  4.658  4.312  0.000  4.663  4.029  4.446  4.315  4.185  4.525  3.825  4.038  1.971  4.173  5.413  1.124  4.918  4.899  4.768  3.425  4.968
Foraminifera                r=1.418   4.570  5.453  4.628  2.602  3.585  4.174  2.668  4.417  4.898  4.663  0.000  4.493  4.557  5.373  4.280  3.394  4.166  4.743  4.331  4.526  3.862  4.958  4.030  5.111  1.964  3.837  4.410
Penilia                     r=1.301   4.286  4.260  4.564  3.568  4.308  3.983  4.842  3.770  4.829  4.029  4.493  0.000  4.218  3.253  4.655  3.290  3.998  4.649  3.726  3.684  4.691  4.321  3.482  4.123  5.007  3.442  3.862
Harpacticoida               r=1.488   4.905  4.516  0.882  5.057  3.845  5.328  5.081  2.831  4.169  4.446  4.557  4.218  0.000  5.207  4.570  3.969  4.591  4.261  3.738  3.417  3.696  4.377  3.389  4.295  4.282  3.344  3.102
Haloptilus                  r=1.005   3.614  2.790  5.527  4.652  4.892  4.831  5.224  5.003  4.571  4.315  5.373  3.253  5.207  0.000  4.741  5.036  4.502  4.643  4.458  3.817  5.014  4.239  5.107  3.690  5.687  3.575  4.395
Oikopleuridae               r=1.203   3.531  4.737  4.836  4.468  4.763  4.848  4.154  4.514  2.359  4.185  4.280  4.655  4.570  4.741  0.000  4.850  1.815  2.232  3.278  3.851  3.584  4.205  5.036  4.991  4.445  2.859  4.449
Evadne                      r=1.300   5.220  5.310  4.183  3.538  3.635  3.575  3.968  3.080  4.897  4.525  3.394  3.290  3.969  5.036  4.850  0.000  4.576  4.713  4.205  4.900  4.360  4.856  1.931  5.006  3.713  4.380  4.057
Fritillariidae              r=1.248   3.433  4.960  4.973  3.982  5.039  4.359  4.245  4.436  3.085  3.825  4.166  3.998  4.591  4.502  1.815  4.576  0.000  2.818  2.727  3.804  4.013  3.957  4.881  5.255  4.627  2.865  4.819
tail__Appendicularia        r=1.311   4.089  4.438  4.499  5.118  4.582  4.978  4.504  4.143  0.812  4.038  4.743  4.649  4.261  4.643  2.232  4.713  2.818  0.000  3.367  4.328  4.146  3.853  4.677  4.921  4.716  3.442  4.388
eudoxie__Diphyidae          r=1.598   3.020  4.523  4.122  4.181  4.175  3.816  4.196  3.811  3.645  1.971  4.331  3.726  3.738  4.458  3.278  4.205  2.727  3.367  0.000  3.401  4.586  2.234  4.414  4.859  4.489  2.634  4.591
multiple__Copepoda          r=1.434   3.260  3.112  3.809  4.380  4.266  5.223  4.735  3.813  4.158  4.173  4.526  3.684  3.417  3.817  3.851  4.900  3.804  4.328  3.401  0.000  3.015  4.160  4.571  3.229  4.629  1.269  3.232
zoea__Decapoda              r=1.198   4.533  4.290  3.906  4.374  4.226  5.557  4.356  3.799  3.907  5.413  3.862  4.691  3.696  5.014  3.584  4.360  4.013  4.146  4.586  3.015  0.000  5.415  4.133  3.943  3.826  2.808  3.034
nectophore__Diphyidae       r=1.300   2.797  4.270  4.597  4.700  4.147  4.090  4.766  4.823  4.039  1.124  4.958  4.321  4.377  4.239  4.205  4.856  3.957  3.853  2.234  4.160  5.415  0.000  5.190  4.881  5.025  3.443  5.004
nauplii__Cirripedia         r=1.362   5.576  4.884  3.626  4.460  3.584  4.173  4.213  1.818  4.785  4.918  4.030  3.482  3.389  5.107  5.036  1.931  4.881  4.677  4.414  4.571  4.133  5.190  0.000  4.472  3.925  4.291  3.335
Euchaetidae                 r=1.153   4.411  2.131  4.310  5.020  3.608  5.620  4.985  4.164  4.748  4.899  5.111  4.123  4.295  3.690  4.991  5.006  5.255  4.921  4.859  3.229  3.943  4.881  4.472  0.000  4.806  3.297  2.194
Limacinidae                 r=1.397   4.804  5.256  4.195  3.781  2.761  4.387  2.513  4.108  4.805  4.768  1.964  5.007  4.282  5.687  4.445  3.713  4.627  4.716  4.489  4.629  3.826  5.025  3.925  4.806  0.000  3.974  4.009
multiple__other             r=2.135   2.421  3.116  3.706  3.750  3.745  4.469  3.952  3.606  3.354  3.425  3.837  3.442  3.344  3.575  2.859  4.380  2.865  3.442  2.634  1.269  2.808  3.443  4.291  3.297  3.974  0.000  3.179
Temoridae                   r=1.575   4.812  3.311  3.039  4.690  3.063  5.482  4.737  3.211  4.276  4.968  4.410  3.862  3.102  4.395  4.449  4.057  4.819  4.388  4.591  3.232  3.034  5.004  3.335  2.194  4.009  3.179  0.000
