Salpida                     r=1.226   0.000  3.834  5.299  4.284  4.427  4.199  4.448  5.141  4.199  3.041  4.714  4.258  5.038  3.673  3.669  5.104  3.727  4.171  3.388  3.293  4.893  2.954  5.846  4.484  4.977  2.679  4.898
Eucalanidae                 r=1.134   3.834  0.000  4.943  5.665  4.641  5.493  5.088  4.213  4.156  4.709  5.567  4.415  4.716  2.966  4.848  5.623  5.012  4.455  4.653  3.380  4.459  4.222  5.077  2.612  5.343  3.253  3.678
Oncaeidae                   r=1.122   5.299  4.943  0.000  5.185  4.067  5.632  5.264  3.677  4.429  4.880  4.653  4.650  1.362  5.695  4.982  4.596  5.110  4.556  4.213  3.942  4.396  4.601  3.825  4.534  4.194  3.800  3.127
Phaeodaria                  r=1.011   4.284  5.665  5.185  0.000  4.047  4.117  3.854  4.907  5.416  4.585  2.792  3.888  5.076  5.013  4.789  3.401  4.367  5.157  4.500  4.402  4.585  4.933  4.517  5.198  4.358  3.860  4.705
Ostracoda                   r=1.200   4.427  4.641  4.067  4.047  0.000  4.485  3.753  4.163  4.456  4.076  3.654  4.424  4.402  5.110  4.819  3.802  5.239  4.337  4.512  4.470  4.651  4.515  3.912  4.110  3.065  3.908  3.533
Noctiluca                   r=1.015   4.199  5.493  5.632  4.117  4.485  0.000  3.354  4.344  5.364  3.785  4.323  4.158  5.355  4.877  5.128  3.915  4.616  5.023  4.064  5.327  5.779  4.351  4.392  5.722  4.735  4.723  5.553
egg__other                  r=1.233   4.448  5.088  5.264  3.854  3.753  3.354  0.000  4.176  4.979  4.771  2.723  4.951  5.278  5.279  4.749  4.108  4.990  4.823  4.653  4.705  4.630  5.151  4.120  4.889  3.098  4.108  4.690
nauplii__Crustacea          r=1.343   5.141  4.213  3.677  4.907  4.163  4.344  4.176  0.000  4.181  4.903  4.374  3.909  3.250  4.894  4.699  3.638  4.475  4.157  3.879  3.944  3.899  4.788  2.345  4.411  4.224  3.656  3.491
tail__Chaetognatha          r=1.227   4.199  4.156  4.429  5.416  4.456  5.364  4.979  4.181  0.000  4.560  4.792  4.981  4.301  4.672  2.585  4.508  3.513  0.958  3.970  4.215  3.663  3.909  4.810  4.830  4.713  3.445  4.177
gonophore__Diphyidae        r=1.117   3.041  4.709  4.880  4.585  4.076  3.785  4.771  4.903  4.560  0.000  4.859  4.279  4.702  4.552  4.457  4.662  4.169  4.242  2.310  4.362  5.868  1.673  5.348  5.118  4.976  3.850  5.244
Foraminifera                r=1.513   4.714  5.567  4.653  2.792  3.654  4.323  2.723  4.374  4.792  4.859  0.000  4.869  4.688  5.600  4.542  3.373  4.654  4.648  4.553  4.534  4.095  5.087  3.951  5.229  2.465  3.924  4.464
Penilia                     r=1.138   4.258  4.415  4.650  3.888  4.424  4.158  4.951  3.909  4.981  4.279  4.869  0.000  4.255  3.330  4.870  3.738  3.943  4.746  3.936  3.775  4.957  4.411  3.986  4.422  5.594  3.533  3.889
Harpacticoida               r=1.328   5.038  4.716  1.362  5.076  4.402  5.355  5.278  3.250  4.301  4.702  4.688  4.255  0.000  5.324  4.815  4.430  4.633  4.431  3.732  3.564  4.220  4.349  3.792  4.751  4.529  3.488  3.462
Haloptilus                  r=0.918   3.673  2.966  5.695  5.013  5.110  4.877  5.279  4.894  4.672  4.552  5.600  3.330  5.324  0.000  4.862  5.268  4.501  4.712  4.651  4.002  5.118  4.291  5.358  4.076  6.104  3.726  4.567
Oikopleuridae               r=1.165   3.669  4.848  4.982  4.789  4.819  5.128  4.749  4.699  2.585  4.457  4.542  4.870  4.815  4.862  0.000  4.632  2.508  2.403  3.646  3.937  3.711  4.191  5.324  5.183  4.819  3.120  4.483
Evadne                      r=1.237   5.104  5.623  4.596  3.401  3.802  3.915  4.108  3.638  4.508  4.662  3.373  3.738  4.430  5.268  4.632  0.000  4.446  4.208  4.303  5.035  4.286  4.847  2.751  5.462  4.321  4.392  4.348
Fritillariidae              r=1.228   3.727  5.012  5.110  4.367  5.239  4.616  4.990  4.475  3.513  4.169  4.654  3.943  4.633  4.501  2.508  4.446  0.000  3.144  3.073  3.868  4.153  3.961  5.197  5.484  5.300  3.195  4.858
tail__Appendicularia        r=1.291   4.171  4.455  4.556  5.157  4.337  5.023  4.823  4.157  0.958  4.242  4.648  4.746  4.431  4.712  2.403  4.208  3.144  0.000  3.700  4.434  3.950  3.741  4.699  5.055  4.687  3.601  4.270
eudoxie__Diphyidae          r=1.479   3.388  4.653  4.213  4.500  4.512  4.064  4.653  3.879  3.970  2.310  4.553  3.936  3.732  4.651  3.646  4.303  3.073  3.700  0.000  3.461  4.928  2.233  4.783  5.112  4.746  3.006  4.756
multiple__Copepoda          r=1.287   3.293  3.380  3.942  4.402  4.470  5.327  4.705  3.944  4.215  4.362  4.534  3.775  3.564  4.002  3.937  5.035  3.868  4.434  3.461  0.000  3.491  4.087  4.900  3.530  4.761  1.108  3.486
zoea__Decapoda              r=1.016   4.893  4.459  4.396  4.585  4.651  5.779  4.630  3.899  3.663  5.868  4.095  4.957  4.220  5.118  3.711  4.286  4.153  3.950  4.928  3.491  0.000  5.525  4.239  4.402  4.356  3.111  3.507
nectophore__Diphyidae       r=1.305   2.954  4.222  4.601  4.933  4.515  4.351  5.151  4.788  3.909  1.673  5.087  4.411  4.349  4.291  4.191  4.847  3.961  3.741  2.233  4.087  5.525  0.000  5.427  4.966  5.147  3.571  5.054
nauplii__Cirripedia         r=1.274   5.846  5.077  3.825  4.517  3.912  4.392  4.120  2.345  4.810  5.348  3.951  3.986  3.792  5.358  5.324  2.751  5.197  4.699  4.783  4.900  4.239  5.427  0.000  4.777  4.097  4.535  3.499
Euchaetidae                 r=0.950   4.484  2.612  4.534  5.198  4.110  5.722  4.889  4.411  4.830  5.118  5.229  4.422  4.751  4.076  5.183  5.462  5.484  5.055  5.112  3.530  4.402  4.966  4.777  0.000  4.863  3.462  2.666
Limacinidae                 r=1.171   4.977  5.343  4.194  4.358  3.065  4.735  3.098  4.224  4.713  4.976  2.465  5.594  4.529  6.104  4.819  4.321  5.300  4.687  4.746  4.761  4.356  5.147  4.097  4.863  0.000  4.200  4.236
multiple__other             r=1.914   2.679  3.253  3.800  3.860  3.908  4.723  4.108  3.656  3.445  3.850  3.924  3.533  3.488  3.726  3.120  4.392  3.195  3.601  3.006  1.108  3.111  3.571  4.535  3.462  4.200  0.000  3.267
Temoridae                   r=1.448   4.898  3.678  3.127  4.705  3.533  5.553  4.690  3.491  4.177  5.244  4.464  3.889  3.462  4.567  4.483  4.348  4.858  4.270  4.756  3.486  3.507  5.054  3.499  2.666  4.236  3.267  0.000
