Salpida                     r=1.315   0.000  3.564  4.974  4.055  4.357  3.692  4.377  4.871  3.714  2.339  4.697  3.779  4.740  3.240  3.400  4.862  2.958  3.773  2.598  3.061  4.011  2.366  5.284  4.099  4.723  2.272  4.532
Eucalanidae                 r=1.206   3.564  0.000  4.417  5.140  4.043  5.110  5.140  4.147  4.004  4.249  5.341  3.818  4.240  2.526  4.473  5.025  4.605  4.213  4.223  2.638  3.461  4.119  4.783  1.662  5.070  2.768  3.068
Oncaeidae                   r=1.278   4.974  4.417  0.000  4.787  3.487  5.140  4.954  2.438  4.265  4.568  4.284  4.089  0.563  5.087  4.445  3.848  4.441  4.266  3.725  3.393  3.390  4.690  3.394  3.861  4.130  3.502  2.397
Phaeodaria                  r=1.102   4.055  5.140  4.787  0.000  3.930  3.467  3.772  4.420  5.103  4.324  2.328  3.322  4.644  4.550  4.415  3.001  3.991  4.914  3.883  4.233  4.200  4.734  3.850  4.764  3.331  3.776  4.314
Ostracoda                   r=1.659   4.357  4.043  3.487  3.930  0.000  3.943  3.297  3.312  4.429  4.033  3.044  4.060  3.564  4.677  4.480  3.309  4.657  4.319  4.013  4.000  3.936  4.331  3.143  3.497  2.474  3.731  2.863
Noctiluca                   r=1.068   3.692  5.110  5.140  3.467  3.943  0.000  2.788  4.201  4.935  3.441  3.566  3.777  4.962  4.567  4.591  3.177  4.295  4.750  3.721  4.756  5.092  3.912  3.814  5.185  3.591  4.177  4.937
egg__other                  r=1.150   4.377  5.140  4.954  3.772  3.297  2.788  0.000  4.131  4.351  4.387  2.625  4.717  4.873  5.307  4.048  3.663  4.273  4.234  4.165  4.762  4.450  4.763  3.921  4.961  1.965  4.155  4.604
nauplii__Crustacea          r=1.538   4.871  4.147  2.438  4.420  3.312  4.201  4.131  0.000  4.236  4.421  3.941  3.388  2.197  4.737  4.309  2.743  4.263  4.117  3.571  3.447  3.418  4.673  1.930  3.633  3.747  3.484  2.362
tail__Chaetognatha          r=1.411   3.714  4.004  4.265  5.103  4.429  4.935  4.351  4.236  0.000  3.885  4.724  4.570  4.060  4.353  1.876  4.841  2.805  0.776  3.324  3.814  3.468  3.717  4.818  4.289  4.526  3.095  4.076
gonophore__Diphyidae        r=1.273   2.339  4.249  4.568  4.324  4.033  3.441  4.387  4.421  3.885  0.000  4.705  3.567  4.348  3.830  3.823  4.249  3.276  3.661  1.921  3.816  4.832  0.852  4.674  4.673  4.739  3.191  4.614
Foraminifera                r=1.516   4.697  5.341  4.284  2.328  3.044  3.566  2.625  3.941  4.724  4.705  0.000  4.141  4.238  5.254  4.296  2.746  4.308  4.569  4.212  4.584  4.132  5.069  3.333  4.868  1.495  4.126  4.080
Penilia                     r=1.469   3.779  3.818  4.089  3.322  4.060  3.777  4.717  3.388  4.570  3.567  4.141  0.000  3.770  2.905  4.368  2.976  3.822  4.364  3.271  3.278  4.039  3.852  3.269  3.691  4.589  3.167  3.356
Harpacticoida               r=1.497   4.740  4.240  0.563  4.644  3.564  4.962  4.873  2.197  4.060  4.348  4.238  3.770  0.000  4.823  4.208  3.667  4.139  4.056  3.426  3.116  3.193  4.472  3.240  3.773  4.142  3.226  2.346
Haloptilus                  r=1.202   3.240  2.526  5.087  4.550  4.677  4.567  5.307  4.737  4.353  3.830  5.254  2.905  4.823  0.000  4.602  4.713  4.420  4.411  4.111  3.439  4.330  3.750  4.864  3.391  5.406  3.281  4.114
Oikopleuridae               r=1.305   3.400  4.473  4.445  4.415  4.480  4.591  4.048  4.309  1.876  3.823  4.296  4.368  4.208  4.602  0.000  4.646  1.544  1.792  2.832  3.607  3.220  3.907  4.835  4.524  4.267  2.743  4.148
Evadne                      r=1.363   4.862  5.025  3.848  3.001  3.309  3.177  3.663  2.743  4.841  4.249  2.746  2.976  3.667  4.713  4.646  0.000  4.479  4.569  3.899  4.542  4.397  4.624  1.416  4.621  3.200  4.251  3.597
Fritillariidae              r=1.271   2.958  4.605  4.441  3.991  4.657  4.295  4.273  4.263  2.805  3.276  4.308  3.822  4.139  4.420  1.544  4.479  0.000  2.632  1.993  3.311  3.451  3.482  4.820  4.654  4.472  2.454  4.295
tail__Appendicularia        r=1.428   3.773  4.213  4.266  4.914  4.319  4.750  4.234  4.117  0.776  3.661  4.569  4.364  4.056  4.411  1.792  4.569  2.632  0.000  3.102  3.983  3.707  3.571  4.600  4.455  4.423  3.231  4.100
eudoxie__Diphyidae          r=1.695   2.598  4.223  3.725  3.883  4.013  3.721  4.165  3.571  3.324  1.921  4.212  3.271  3.426  4.111  2.832  3.899  1.993  3.102  0.000  2.907  3.743  2.265  4.221  4.318  4.306  2.253  3.918
multiple__Copepoda          r=1.700   3.061  2.638  3.393  4.233  4.000  4.756  4.762  3.447  3.814  3.816  4.584  3.278  3.116  3.439  3.607  4.542  3.311  3.983  2.907  0.000  2.132  3.899  4.448  2.488  4.529  1.081  2.683
zoea__Decapoda              r=1.405   4.011  3.461  3.390  4.200  3.936  5.092  4.450  3.418  3.468  4.832  4.132  4.039  3.193  4.330  3.220  4.397  3.451  3.707  3.743  2.132  0.000  4.930  4.200  2.944  3.994  2.105  2.528
nectophore__Diphyidae       r=1.081   2.366  4.119  4.690  4.734  4.331  3.912  4.763  4.673  3.717  0.852  5.069  3.852  4.472  3.750  3.907  4.624  3.482  3.571  2.265  3.899  4.930  0.000  4.993  4.703  5.080  3.289  4.750
nauplii__Cirripedia         r=1.323   5.284  4.783  3.394  3.850  3.143  3.814  3.921  1.930  4.818  4.674  3.333  3.269  3.240  4.864  4.835  1.416  4.820  4.600  4.221  4.448  4.200  4.993  0.000  4.265  3.417  4.322  3.021
Euchaetidae                 r=1.223   4.099  1.662  3.861  4.764  3.497  5.185  4.961  3.633  4.289  4.673  4.868  3.691  3.773  3.391  4.524  4.621  4.654  4.455  4.318  2.488  2.944  4.703  4.265  0.000  4.608  2.771  2.049
Limacinidae                 r=1.433   4.723  5.070  4.130  3.331  2.474  3.591  1.965  3.747  4.526  4.739  1.495  4.589  4.142  5.406  4.267  3.200  4.472  4.423  4.306  4.529  3.994  5.080  3.417  4.608  0.000  4.083  3.870
multiple__other             r=2.144   2.272  2.768  3.502  3.776  3.731  4.177  4.155  3.484  3.095  3.191  4.126  3.167  3.226  3.281  2.743  4.251  2.454  3.231  2.253  1.081  2.105  3.289  4.322  2.771  4.083  0.000  2.883
Temoridae                   r=1.701   4.532  3.068  2.397  4.314  2.863  4.937  4.604  2.362  4.076  4.614  4.080  3.356  2.346  4.114  4.148  3.597  4.295  4.100  3.918  2.683  2.528  4.750  3.021  2.049  3.870  2.883  0.000
