Fritillariidae              r=1.101   0.000  5.219  5.253  5.665  4.464  4.270  3.646  4.206  4.568  3.256  3.488  5.443  4.010  5.044  4.683  5.075  2.695  5.290  4.343  4.648  4.798  5.338  4.608  3.905  4.109  4.689  3.252
Eucalanidae                 r=1.001   5.219  0.000  5.029  2.803  5.794  4.574  4.187  4.163  4.275  4.703  3.311  4.715  4.527  5.338  5.558  3.969  5.016  5.117  4.681  2.872  5.748  5.488  5.640  3.884  3.407  4.725  4.572
Oncaeidae                   r=1.100   5.253  5.029  0.000  4.554  5.273  4.396  4.402  4.503  3.816  4.309  3.771  4.113  4.670  5.487  5.683  3.216  5.057  3.923  4.872  5.620  4.882  4.355  4.634  5.331  3.930  1.468  4.576
Euchaetidae                 r=0.945   5.665  2.803  4.554  0.000  5.204  4.438  4.880  4.892  4.465  5.145  3.451  4.046  4.429  5.083  5.703  2.792  5.288  4.714  5.030  4.053  5.326  4.952  5.358  4.534  3.471  4.751  5.159
Phaeodaria                  r=0.957   4.464  5.794  5.273  5.204  0.000  4.662  5.470  4.963  4.971  4.525  3.956  4.098  3.856  3.921  4.122  4.742  4.848  4.572  4.567  5.095  2.746  4.249  3.405  4.343  4.512  5.126  5.192
zoea__Decapoda              r=0.995   4.270  4.574  4.396  4.438  4.662  0.000  3.676  5.461  4.017  4.965  3.043  4.669  4.967  4.793  5.801  3.593  3.708  4.352  5.836  5.137  4.300  4.361  4.406  4.906  3.416  4.164  4.037
tail__Chaetognatha          r=1.277   3.646  4.187  4.402  4.880  5.470  3.676  0.000  3.836  4.199  3.971  3.394  4.542  4.947  5.050  5.365  4.321  2.744  4.860  4.511  4.600  4.967  4.785  4.602  4.187  4.151  4.202  1.128
nectophore__Diphyidae       r=1.304   4.206  4.163  4.503  4.892  4.963  5.461  3.836  0.000  4.725  2.409  3.569  4.527  4.469  5.241  4.465  5.090  4.356  5.399  1.799  4.287  5.137  5.114  4.844  3.011  4.085  4.230  3.735
nauplii__Crustacea          r=1.325   4.568  4.275  3.816  4.465  4.971  4.017  4.199  4.725  0.000  3.763  3.654  4.127  3.888  4.222  4.244  3.717  4.772  2.371  4.822  4.783  4.485  4.172  3.631  5.118  3.979  3.342  4.157
eudoxie__Diphyidae          r=1.491   3.256  4.703  4.309  5.145  4.525  4.965  3.971  2.409  3.763  0.000  3.160  4.578  3.963  4.625  3.992  4.918  3.768  4.720  2.385  4.676  4.624  4.705  4.286  3.440  3.626  3.754  3.681
multiple__other             r=1.877   3.488  3.311  3.771  3.451  3.956  3.043  3.394  3.569  3.654  3.160  0.000  3.913  3.661  4.201  4.745  3.367  3.230  4.516  3.885  3.806  4.030  4.135  4.441  2.755  1.143  3.399  3.667
Ostracoda                   r=1.166   5.443  4.715  4.113  4.046  4.098  4.669  4.542  4.527  4.127  4.578  3.913  0.000  4.379  3.926  4.452  3.554  4.975  3.884  4.065  5.065  3.834  3.200  3.704  4.524  4.480  4.441  4.421
Penilia                     r=1.200   4.010  4.527  4.670  4.429  3.856  4.967  4.947  4.469  3.888  3.963  3.661  4.379  0.000  4.961  4.116  3.937  4.911  3.854  4.282  3.385  4.794  5.478  3.573  4.358  3.913  4.239  4.712
egg__other                  r=1.067   5.044  5.338  5.487  5.083  3.921  4.793  5.050  5.241  4.222  4.625  4.201  3.926  4.961  0.000  3.267  4.935  4.782  4.214  4.762  5.389  2.768  3.089  4.066  4.515  4.848  5.433  4.832
Noctiluca                   r=1.039   4.683  5.558  5.683  5.703  4.122  5.801  5.365  4.465  4.244  3.992  4.745  4.452  4.116  3.267  0.000  5.633  5.180  4.355  3.805  4.944  4.245  4.571  3.796  4.209  5.372  5.377  4.984
Temoridae                   r=1.309   5.075  3.969  3.216  2.792  4.742  3.593  4.321  5.090  3.717  4.918  3.367  3.554  3.937  4.935  5.633  0.000  4.617  3.574  5.290  4.592  4.612  4.377  4.349  5.052  3.552  3.560  4.438
Oikopleuridae               r=1.104   2.695  5.016  5.057  5.288  4.848  3.708  2.744  4.356  4.772  3.768  3.230  4.975  4.911  4.782  5.180  4.617  0.000  5.410  4.563  4.963  4.699  4.885  4.763  3.771  3.995  4.826  2.604
nauplii__Cirripedia         r=1.303   5.290  5.117  3.923  4.714  4.572  4.352  4.860  5.399  2.371  4.720  4.516  3.884  3.854  4.214  4.355  3.574  5.410  0.000  5.292  5.244  4.063  4.062  2.714  5.873  4.879  3.863  4.730
gonophore__Diphyidae        r=1.150   4.343  4.681  4.872  5.030  4.567  5.836  4.511  1.799  4.822  2.385  3.885  4.065  4.282  4.762  3.805  5.290  4.563  5.292  0.000  4.549  4.881  4.942  4.593  3.074  4.407  4.676  4.184
Haloptilus                  r=0.945   4.648  2.872  5.620  4.053  5.095  5.137  4.600  4.287  4.783  4.676  3.806  5.065  3.385  5.389  4.944  4.592  4.963  5.244  4.549  0.000  5.630  6.071  5.193  3.786  4.055  5.193  4.711
Foraminifera                r=1.356   4.798  5.748  4.882  5.326  2.746  4.300  4.967  5.137  4.485  4.624  4.030  3.834  4.794  2.768  4.245  4.612  4.699  4.063  4.881  5.630  0.000  2.498  3.390  4.782  4.687  4.857  4.787
Limacinidae                 r=1.208   5.338  5.488  4.355  4.952  4.249  4.361  4.785  5.114  4.172  4.705  4.135  3.200  5.478  3.089  4.571  4.377  4.885  4.062  4.942  6.071  2.498  0.000  4.143  4.987  4.747  4.623  4.728
Evadne                      r=1.297   4.608  5.640  4.634  5.358  3.405  4.406  4.602  4.844  3.631  4.286  4.441  3.704  3.573  4.066  3.796  4.349  4.763  2.714  4.593  5.193  3.390  4.143  0.000  5.140  5.092  4.451  4.274
Salpida                     r=1.150   3.905  3.884  5.331  4.534  4.343  4.906  4.187  3.011  5.118  3.440  2.755  4.524  4.358  4.515  4.209  5.052  3.771  5.873  3.074  3.786  4.782  4.987  5.140  0.000  3.389  5.005  4.218
multiple__Copepoda          r=1.263   4.109  3.407  3.930  3.471  4.512  3.416  4.151  4.085  3.979  3.626  1.143  4.480  3.913  4.848  5.372  3.552  3.995  4.879  4.407  4.055  4.687  4.747  5.092  3.389  0.000  3.509  4.482
Harpacticoida               r=1.362   4.689  4.725  1.468  4.751  5.126  4.164  4.202  4.230  3.342  3.754  3.399  4.441  4.239  5.433  5.377  3.560  4.826  3.863  4.676  5.193  4.857  4.623  4.451  5.005  3.509  0.000  4.387
tail__Appendicularia        r=1.314   3.252  4.572  4.576  5.159  5.192  4.037  1.128  3.735  4.157  3.681  3.667  4.421  4.712  4.832  4.984  4.438  2.604  4.730  4.184  4.711  4.787  4.728  4.274  4.218  4.482  4.387  0.000
