Salpida                     r=1.481   0.000  3.541  4.730  3.808  4.295  3.429  4.246  4.563  3.568  2.047  4.427  3.410  4.450  3.065  3.281  4.590  2.756  3.627  2.255  3.140  3.877  2.074  5.029  3.993  4.429  2.211  4.273
Eucalanidae                 r=1.304   3.541  0.000  4.237  4.660  3.930  4.963  5.000  4.082  4.044  4.088  5.121  3.393  4.027  2.480  4.339  4.580  4.426  4.193  3.944  2.301  3.072  4.023  4.659  1.336  4.889  2.586  2.980
Oncaeidae                   r=1.253   4.730  4.237  0.000  4.393  3.066  4.849  4.414  1.903  4.015  4.348  3.867  3.968  0.666  4.986  3.948  3.149  4.212  3.933  3.543  2.977  2.776  4.525  2.993  3.715  3.778  3.240  1.978
Phaeodaria                  r=1.384   3.808  4.660  4.393  0.000  3.818  3.359  3.636  3.984  4.780  4.129  2.220  2.899  4.297  4.110  4.164  3.039  3.776  4.603  3.658  3.831  3.815  4.506  3.531  4.374  3.151  3.344  3.747
Ostracoda                   r=1.620   4.295  3.930  3.066  3.818  0.000  4.119  3.209  3.202  4.352  3.945  2.968  4.026  3.294  4.702  4.274  3.070  4.599  4.219  3.970  3.714  3.649  4.152  3.147  3.581  2.377  3.540  2.578
Noctiluca                   r=1.106   3.429  4.963  4.849  3.359  4.119  0.000  2.798  4.032  4.561  3.299  3.291  3.696  4.697  4.420  4.160  3.307  3.961  4.380  3.506  4.569  4.820  3.687  3.776  5.136  3.355  3.811  4.644
egg__other                  r=1.213   4.246  5.000  4.414  3.636  3.209  2.798  0.000  3.917  4.056  4.154  2.421  4.595  4.431  5.264  3.718  3.648  4.024  3.926  3.997  4.542  4.290  4.439  3.810  4.913  1.570  3.845  4.211
nauplii__Crustacea          r=1.511   4.563  4.082  1.903  3.984  3.202  4.032  3.917  0.000  4.022  4.122  3.596  3.299  1.686  4.652  3.848  2.103  3.963  3.852  3.256  2.991  2.960  4.416  1.821  3.642  3.601  3.121  2.053
tail__Chaetognatha          r=1.352   3.568  4.044  4.015  4.780  4.352  4.561  4.056  4.022  0.000  3.524  4.444  4.265  3.768  4.357  1.524  4.626  2.537  0.656  2.986  3.629  3.526  3.403  4.732  4.268  4.288  2.889  3.955
gonophore__Diphyidae        r=1.451   2.047  4.088  4.348  4.129  3.945  3.299  4.154  4.122  3.524  0.000  4.317  3.341  4.087  3.607  3.393  4.063  3.042  3.341  1.840  3.707  4.479  0.795  4.495  4.478  4.323  2.947  4.266
Foraminifera                r=1.554   4.427  5.121  3.867  2.220  2.968  3.291  2.421  3.596  4.444  4.317  0.000  3.926  3.924  5.053  4.022  2.739  4.106  4.249  3.969  4.351  4.017  4.633  3.069  4.810  1.447  3.834  3.704
Penilia                     r=1.619   3.410  3.393  3.968  2.899  4.026  3.696  4.595  3.299  4.265  3.341  3.926  0.000  3.623  2.458  4.033  2.955  3.596  4.092  2.977  2.908  3.607  3.679  3.311  3.331  4.405  2.738  3.093
Harpacticoida               r=1.452   4.450  4.027  0.666  4.297  3.294  4.697  4.431  1.686  3.768  4.087  3.924  3.623  0.000  4.675  3.684  3.065  3.857  3.690  3.160  2.646  2.590  4.276  2.947  3.577  3.911  2.916  1.967
Haloptilus                  r=1.195   3.065  2.480  4.986  4.110  4.702  4.420  5.264  4.652  4.357  3.607  5.053  2.458  4.675  0.000  4.506  4.570  4.212  4.393  3.749  3.210  4.074  3.611  4.864  3.194  5.236  3.024  4.003
Oikopleuridae               r=1.367   3.281  4.339  3.948  4.164  4.274  4.160  3.718  3.848  1.524  3.393  4.022  4.033  3.684  4.506  0.000  4.369  1.447  1.433  2.419  3.385  3.214  3.517  4.549  4.363  4.002  2.493  3.835
Evadne                      r=1.460   4.590  4.580  3.149  3.039  3.070  3.307  3.648  2.103  4.626  4.063  2.739  2.955  3.065  4.570  4.369  0.000  4.377  4.362  3.696  3.923  3.909  4.435  0.879  4.251  3.168  3.756  2.859
Fritillariidae              r=1.301   2.756  4.426  4.212  3.776  4.599  3.961  4.024  3.963  2.537  3.042  4.106  3.596  3.857  4.212  1.447  4.377  0.000  2.440  1.761  3.198  3.347  3.296  4.655  4.451  4.285  2.234  4.038
tail__Appendicularia        r=1.402   3.627  4.193  3.933  4.603  4.219  4.380  3.926  3.852  0.656  3.341  4.249  4.092  3.690  4.393  1.433  4.362  2.440  0.000  2.820  3.732  3.660  3.295  4.488  4.381  4.149  2.976  3.907
eudoxie__Diphyidae          r=1.807   2.255  3.944  3.543  3.658  3.970  3.506  3.997  3.256  2.986  1.840  3.969  2.977  3.160  3.749  2.419  3.696  1.761  2.820  0.000  2.714  3.366  2.220  4.038  4.030  4.105  1.943  3.532
multiple__Copepoda          r=1.866   3.140  2.301  2.977  3.831  3.714  4.569  4.542  2.991  3.629  3.707  4.351  2.908  2.646  3.210  3.385  3.923  3.198  3.732  2.714  0.000  1.564  3.852  4.011  1.963  4.318  1.202  2.142
zoea__Decapoda              r=1.461   3.877  3.072  2.776  3.815  3.649  4.820  4.290  2.960  3.526  4.479  4.017  3.607  2.590  4.074  3.214  3.909  3.347  3.660  3.366  1.564  0.000  4.626  3.874  2.508  3.958  1.876  2.012
nectophore__Diphyidae       r=1.252   2.074  4.023  4.525  4.506  4.152  3.687  4.439  4.416  3.403  0.795  4.633  3.679  4.276  3.611  3.517  4.435  3.296  3.295  2.220  3.852  4.626  0.000  4.838  4.538  4.590  3.108  4.464
nauplii__Cirripedia         r=1.305   5.029  4.659  2.993  3.531  3.147  3.776  3.810  1.821  4.732  4.495  3.069  3.311  2.947  4.864  4.549  0.879  4.655  4.488  4.038  4.011  3.874  4.838  0.000  4.247  3.336  3.973  2.701
Euchaetidae                 r=1.241   3.993  1.336  3.715  4.374  3.581  5.136  4.913  3.642  4.268  4.478  4.810  3.331  3.577  3.194  4.363  4.251  4.451  4.381  4.030  1.963  2.508  4.538  4.247  0.000  4.623  2.535  2.199
Limacinidae                 r=1.491   4.429  4.889  3.778  3.151  2.377  3.355  1.570  3.601  4.288  4.323  1.447  4.405  3.911  5.236  4.002  3.168  4.285  4.149  4.105  4.318  3.958  4.590  3.336  4.623  0.000  3.809  3.619
multiple__other             r=2.244   2.211  2.586  3.240  3.344  3.540  3.811  3.845  3.121  2.889  2.947  3.834  2.738  2.916  3.024  2.493  3.756  2.234  2.976  1.943  1.202  1.876  3.108  3.973  2.535  3.809  0.000  2.564
Temoridae                   r=1.808   4.273  2.980  1.978  3.747  2.578  4.644  4.211  2.053  3.955  4.266  3.704  3.093  1.967  4.003  3.835  2.859  4.038  3.907  3.532  2.142  2.012  4.464  2.701  2.199  3.619  2.564  0.000
